<?xml version="1.0" encoding="UTF-8"?>
<coverage generated="1775292004146" clover="3.2.0">
  <project timestamp="1775292004146" name="All files">
    <metrics statements="435" coveredstatements="434" conditionals="195" coveredconditionals="181" methods="90" coveredmethods="90" elements="720" coveredelements="705" complexity="0" loc="435" ncloc="435" packages="1" files="6" classes="6"/>
    <file name="divideAndConquer.js" path="C:\Users\ASUS\Desktop\DSA\src\divideAndConquer.js">
      <metrics statements="42" coveredstatements="42" conditionals="18" coveredconditionals="18" methods="8" coveredmethods="8"/>
      <line num="12" count="13" type="stmt"/>
      <line num="13" count="13" type="stmt"/>
      <line num="14" count="31" type="stmt"/>
      <line num="15" count="31" type="cond" truecount="2" falsecount="0"/>
      <line num="16" count="24" type="cond" truecount="2" falsecount="0"/>
      <line num="17" count="15" type="stmt"/>
      <line num="19" count="6" type="stmt"/>
      <line num="27" count="7" type="stmt"/>
      <line num="28" count="7" type="stmt"/>
      <line num="29" count="16" type="stmt"/>
      <line num="30" count="16" type="cond" truecount="2" falsecount="0"/>
      <line num="31" count="6" type="stmt"/>
      <line num="32" count="6" type="stmt"/>
      <line num="33" count="10" type="cond" truecount="2" falsecount="0"/>
      <line num="34" count="9" type="stmt"/>
      <line num="36" count="1" type="stmt"/>
      <line num="39" count="7" type="stmt"/>
      <line num="47" count="6" type="stmt"/>
      <line num="48" count="6" type="stmt"/>
      <line num="49" count="13" type="stmt"/>
      <line num="50" count="13" type="cond" truecount="2" falsecount="0"/>
      <line num="51" count="6" type="stmt"/>
      <line num="52" count="6" type="stmt"/>
      <line num="54" count="7" type="stmt"/>
      <line num="57" count="6" type="stmt"/>
      <line num="65" count="7" type="cond" truecount="2" falsecount="0"/>
      <line num="68" count="19" type="stmt"/>
      <line num="69" count="19" type="stmt"/>
      <line num="70" count="34" type="stmt"/>
      <line num="71" count="34" type="cond" truecount="2" falsecount="0"/>
      <line num="73" count="19" type="stmt"/>
      <line num="74" count="19" type="stmt"/>
      <line num="75" count="19" type="stmt"/>
      <line num="76" count="27" type="stmt"/>
      <line num="77" count="27" type="cond" truecount="2" falsecount="0"/>
      <line num="79" count="19" type="stmt"/>
      <line num="83" count="44" type="cond" truecount="2" falsecount="0"/>
      <line num="84" count="19" type="stmt"/>
      <line num="85" count="19" type="stmt"/>
      <line num="92" count="6" type="stmt"/>
      <line num="100" count="22" type="stmt"/>
      <line num="103" count="1" type="stmt"/>
    </file>
    <file name="dynamicProgramming.js" path="C:\Users\ASUS\Desktop\DSA\src\dynamicProgramming.js">
      <metrics statements="76" coveredstatements="75" conditionals="38" coveredconditionals="35" methods="11" coveredmethods="11"/>
      <line num="13" count="11" type="stmt"/>
      <line num="14" count="55" type="stmt"/>
      <line num="16" count="11" type="stmt"/>
      <line num="17" count="44" type="stmt"/>
      <line num="18" count="231" type="cond" truecount="2" falsecount="0"/>
      <line num="19" count="44" type="stmt"/>
      <line num="21" count="187" type="stmt"/>
      <line num="27" count="11" type="stmt"/>
      <line num="28" count="11" type="cond" truecount="2" falsecount="0"/>
      <line num="29" count="40" type="cond" truecount="2" falsecount="0"/>
      <line num="30" count="26" type="stmt"/>
      <line num="31" count="26" type="stmt"/>
      <line num="32" count="26" type="stmt"/>
      <line num="33" count="14" type="cond" truecount="1" falsecount="1"/>
      <line num="34" count="0" type="stmt"/>
      <line num="36" count="14" type="stmt"/>
      <line num="40" count="11" type="stmt"/>
      <line num="50" count="10" type="stmt"/>
      <line num="51" count="37" type="stmt"/>
      <line num="53" count="10" type="stmt"/>
      <line num="54" count="27" type="stmt"/>
      <line num="55" count="319" type="stmt"/>
      <line num="56" count="319" type="cond" truecount="2" falsecount="0"/>
      <line num="57" count="189" type="stmt"/>
      <line num="63" count="10" type="stmt"/>
      <line num="64" count="10" type="stmt"/>
      <line num="65" count="10" type="stmt"/>
      <line num="66" count="27" type="cond" truecount="2" falsecount="0"/>
      <line num="67" count="13" type="stmt"/>
      <line num="68" count="13" type="stmt"/>
      <line num="72" count="10" type="stmt"/>
      <line num="82" count="6" type="stmt"/>
      <line num="83" count="6" type="cond" truecount="2" falsecount="0"/>
      <line num="85" count="8" type="stmt"/>
      <line num="87" count="3" type="stmt"/>
      <line num="88" count="5" type="stmt"/>
      <line num="89" count="7" type="stmt"/>
      <line num="90" count="7" type="stmt"/>
      <line num="91" count="7" type="stmt"/>
      <line num="92" count="9" type="stmt"/>
      <line num="93" count="9" type="cond" truecount="1" falsecount="1"/>
      <line num="98" count="3" type="stmt"/>
      <line num="107" count="10" type="cond" truecount="2" falsecount="0"/>
      <line num="109" count="9" type="stmt"/>
      <line num="110" count="9" type="stmt"/>
      <line num="112" count="9" type="stmt"/>
      <line num="113" count="33" type="cond" truecount="2" falsecount="0"/>
      <line num="114" count="11" type="stmt"/>
      <line num="115" count="11" type="stmt"/>
      <line num="117" count="22" type="stmt"/>
      <line num="119" count="33" type="cond" truecount="2" falsecount="0"/>
      <line num="120" count="20" type="stmt"/>
      <line num="121" count="20" type="stmt"/>
      <line num="122" count="20" type="stmt"/>
      <line num="126" count="9" type="stmt"/>
      <line num="135" count="4" type="stmt"/>
      <line num="138" count="53" type="cond" truecount="4" falsecount="0"/>
      <line num="139" count="41" type="stmt"/>
      <line num="140" count="41" type="cond" truecount="2" falsecount="0"/>
      <line num="142" count="30" type="cond" truecount="2" falsecount="0"/>
      <line num="143" count="11" type="stmt"/>
      <line num="145" count="19" type="stmt"/>
      <line num="147" count="30" type="stmt"/>
      <line num="148" count="30" type="stmt"/>
      <line num="151" count="4" type="stmt"/>
      <line num="160" count="3" type="stmt"/>
      <line num="163" count="21" type="cond" truecount="4" falsecount="0"/>
      <line num="164" count="10" type="stmt"/>
      <line num="165" count="10" type="cond" truecount="1" falsecount="1"/>
      <line num="166" count="10" type="stmt"/>
      <line num="167" count="10" type="cond" truecount="2" falsecount="0"/>
      <line num="168" count="8" type="stmt"/>
      <line num="170" count="10" type="stmt"/>
      <line num="171" count="10" type="stmt"/>
      <line num="174" count="3" type="stmt"/>
      <line num="177" count="1" type="stmt"/>
    </file>
    <file name="graph.js" path="C:\Users\ASUS\Desktop\DSA\src\graph.js">
      <metrics statements="86" coveredstatements="86" conditionals="47" coveredconditionals="44" methods="17" coveredmethods="17"/>
      <line num="13" count="34" type="stmt"/>
      <line num="14" count="10" type="stmt"/>
      <line num="15" count="27" type="stmt"/>
      <line num="16" count="27" type="cond" truecount="2" falsecount="0"/>
      <line num="18" count="10" type="stmt"/>
      <line num="26" count="6" type="stmt"/>
      <line num="27" count="6" type="stmt"/>
      <line num="28" count="6" type="stmt"/>
      <line num="30" count="6" type="stmt"/>
      <line num="31" count="27" type="stmt"/>
      <line num="32" count="27" type="stmt"/>
      <line num="33" count="27" type="cond" truecount="1" falsecount="1"/>
      <line num="34" count="58" type="cond" truecount="2" falsecount="0"/>
      <line num="35" count="21" type="stmt"/>
      <line num="36" count="21" type="stmt"/>
      <line num="41" count="6" type="stmt"/>
      <line num="49" count="6" type="stmt"/>
      <line num="50" count="6" type="stmt"/>
      <line num="51" count="6" type="stmt"/>
      <line num="53" count="6" type="stmt"/>
      <line num="54" count="35" type="stmt"/>
      <line num="55" count="35" type="cond" truecount="2" falsecount="0"/>
      <line num="56" count="27" type="stmt"/>
      <line num="57" count="27" type="stmt"/>
      <line num="58" count="27" type="cond" truecount="1" falsecount="1"/>
      <line num="59" count="27" type="stmt"/>
      <line num="60" count="58" type="cond" truecount="2" falsecount="0"/>
      <line num="64" count="6" type="stmt"/>
      <line num="71" count="3" type="stmt"/>
      <line num="72" count="3" type="stmt"/>
      <line num="75" count="18" type="stmt"/>
      <line num="76" count="18" type="stmt"/>
      <line num="77" count="18" type="cond" truecount="1" falsecount="1"/>
      <line num="78" count="42" type="cond" truecount="2" falsecount="0"/>
      <line num="82" count="3" type="stmt"/>
      <line num="83" count="3" type="stmt"/>
      <line num="93" count="10" type="stmt"/>
      <line num="94" count="10" type="stmt"/>
      <line num="95" count="10" type="stmt"/>
      <line num="96" count="10" type="stmt"/>
      <line num="98" count="10" type="stmt"/>
      <line num="99" count="41" type="cond" truecount="2" falsecount="0"/>
      <line num="100" count="41" type="stmt"/>
      <line num="103" count="10" type="stmt"/>
      <line num="105" count="41" type="stmt"/>
      <line num="106" count="41" type="stmt"/>
      <line num="107" count="115" type="cond" truecount="4" falsecount="0"/>
      <line num="109" count="41" type="cond" truecount="4" falsecount="0"/>
      <line num="111" count="39" type="stmt"/>
      <line num="113" count="39" type="stmt"/>
      <line num="114" count="282" type="stmt"/>
      <line num="115" count="282" type="cond" truecount="4" falsecount="0"/>
      <line num="116" count="232" type="cond" truecount="4" falsecount="0"/>
      <line num="117" count="282" type="cond" truecount="2" falsecount="0"/>
      <line num="119" count="57" type="stmt"/>
      <line num="120" count="57" type="cond" truecount="2" falsecount="0"/>
      <line num="121" count="50" type="stmt"/>
      <line num="122" count="50" type="stmt"/>
      <line num="127" count="10" type="stmt"/>
      <line num="135" count="3" type="stmt"/>
      <line num="136" count="3" type="stmt"/>
      <line num="137" count="3" type="stmt"/>
      <line num="138" count="7" type="stmt"/>
      <line num="139" count="7" type="cond" truecount="2" falsecount="0"/>
      <line num="140" count="5" type="stmt"/>
      <line num="142" count="1" type="stmt"/>
      <line num="151" count="10" type="stmt"/>
      <line num="152" count="10" type="stmt"/>
      <line num="153" count="10" type="stmt"/>
      <line num="154" count="50" type="stmt"/>
      <line num="155" count="50" type="stmt"/>
      <line num="160" count="186" type="cond" truecount="2" falsecount="0"/>
      <line num="161" count="62" type="stmt"/>
      <line num="163" count="186" type="stmt"/>
      <line num="167" count="35" type="stmt"/>
      <line num="168" count="35" type="stmt"/>
      <line num="169" count="35" type="cond" truecount="2" falsecount="0"/>
      <line num="170" count="34" type="cond" truecount="2" falsecount="0"/>
      <line num="171" count="1" type="stmt"/>
      <line num="172" count="1" type="stmt"/>
      <line num="174" count="33" type="stmt"/>
      <line num="175" count="33" type="stmt"/>
      <line num="177" count="34" type="stmt"/>
      <line num="181" count="6" type="stmt"/>
      <line num="186" count="39" type="stmt"/>
      <line num="190" count="1" type="stmt"/>
    </file>
    <file name="greedy.js" path="C:\Users\ASUS\Desktop\DSA\src\greedy.js">
      <metrics statements="27" coveredstatements="27" conditionals="8" coveredconditionals="8" methods="9" coveredmethods="9"/>
      <line num="15" count="9" type="cond" truecount="4" falsecount="0"/>
      <line num="18" count="16" type="stmt"/>
      <line num="19" count="11" type="stmt"/>
      <line num="21" count="7" type="stmt"/>
      <line num="22" count="7" type="stmt"/>
      <line num="23" count="7" type="stmt"/>
      <line num="25" count="7" type="stmt"/>
      <line num="26" count="15" type="cond" truecount="2" falsecount="0"/>
      <line num="27" count="13" type="stmt"/>
      <line num="28" count="13" type="stmt"/>
      <line num="29" count="13" type="stmt"/>
      <line num="30" count="13" type="stmt"/>
      <line num="33" count="7" type="stmt"/>
      <line num="43" count="7" type="cond" truecount="2" falsecount="0"/>
      <line num="45" count="16" type="stmt"/>
      <line num="48" count="13" type="stmt"/>
      <line num="49" count="17" type="stmt"/>
      <line num="53" count="26" type="stmt"/>
      <line num="56" count="5" type="stmt"/>
      <line num="57" count="5" type="stmt"/>
      <line num="58" count="13" type="stmt"/>
      <line num="59" count="13" type="stmt"/>
      <line num="60" count="13" type="stmt"/>
      <line num="61" count="13" type="stmt"/>
      <line num="62" count="13" type="stmt"/>
      <line num="65" count="5" type="stmt"/>
      <line num="68" count="1" type="stmt"/>
    </file>
    <file name="hashing.js" path="C:\Users\ASUS\Desktop\DSA\src\hashing.js">
      <metrics statements="97" coveredstatements="97" conditionals="54" coveredconditionals="46" methods="25" coveredmethods="25"/>
      <line num="13" count="248" type="stmt"/>
      <line num="26" count="10" type="stmt"/>
      <line num="27" count="70" type="stmt"/>
      <line num="31" count="30" type="stmt"/>
      <line num="35" count="15" type="stmt"/>
      <line num="36" count="15" type="cond" truecount="2" falsecount="0"/>
      <line num="40" count="12" type="stmt"/>
      <line num="41" count="12" type="stmt"/>
      <line num="45" count="3" type="stmt"/>
      <line num="46" count="3" type="stmt"/>
      <line num="47" count="3" type="stmt"/>
      <line num="48" count="3" type="cond" truecount="2" falsecount="0"/>
      <line num="49" count="1" type="stmt"/>
      <line num="54" count="5" type="stmt"/>
      <line num="62" count="1" type="stmt"/>
      <line num="70" count="14" type="stmt"/>
      <line num="71" count="14" type="stmt"/>
      <line num="75" count="65" type="stmt"/>
      <line num="79" count="40" type="stmt"/>
      <line num="80" count="40" type="stmt"/>
      <line num="81" count="62" type="stmt"/>
      <line num="82" count="62" type="cond" truecount="4" falsecount="0"/>
      <line num="83" count="39" type="stmt"/>
      <line num="84" count="39" type="stmt"/>
      <line num="86" count="23" type="cond" truecount="1" falsecount="1"/>
      <line num="88" count="1" type="stmt"/>
      <line num="92" count="20" type="stmt"/>
      <line num="93" count="20" type="stmt"/>
      <line num="94" count="43" type="stmt"/>
      <line num="95" count="43" type="cond" truecount="2" falsecount="0"/>
      <line num="96" count="41" type="cond" truecount="2" falsecount="0"/>
      <line num="98" count="1" type="stmt"/>
      <line num="102" count="5" type="stmt"/>
      <line num="103" count="5" type="stmt"/>
      <line num="104" count="11" type="stmt"/>
      <line num="105" count="11" type="cond" truecount="2" falsecount="0"/>
      <line num="106" count="10" type="cond" truecount="2" falsecount="0"/>
      <line num="107" count="3" type="stmt"/>
      <line num="108" count="3" type="stmt"/>
      <line num="111" count="1" type="stmt"/>
      <line num="115" count="2" type="stmt"/>
      <line num="116" count="2" type="cond" truecount="3" falsecount="1"/>
      <line num="130" count="10" type="stmt"/>
      <line num="131" count="10" type="stmt"/>
      <line num="135" count="49" type="stmt"/>
      <line num="139" count="32" type="stmt"/>
      <line num="140" count="32" type="stmt"/>
      <line num="141" count="45" type="stmt"/>
      <line num="142" count="45" type="cond" truecount="4" falsecount="0"/>
      <line num="143" count="31" type="stmt"/>
      <line num="144" count="31" type="stmt"/>
      <line num="146" count="14" type="cond" truecount="1" falsecount="1"/>
      <line num="148" count="1" type="stmt"/>
      <line num="152" count="14" type="stmt"/>
      <line num="153" count="14" type="stmt"/>
      <line num="154" count="28" type="stmt"/>
      <line num="155" count="28" type="cond" truecount="2" falsecount="0"/>
      <line num="156" count="26" type="cond" truecount="2" falsecount="0"/>
      <line num="158" count="1" type="stmt"/>
      <line num="162" count="3" type="stmt"/>
      <line num="163" count="3" type="stmt"/>
      <line num="164" count="9" type="stmt"/>
      <line num="165" count="9" type="cond" truecount="2" falsecount="0"/>
      <line num="166" count="8" type="cond" truecount="2" falsecount="0"/>
      <line num="167" count="1" type="stmt"/>
      <line num="168" count="1" type="stmt"/>
      <line num="171" count="1" type="stmt"/>
      <line num="187" count="11" type="stmt"/>
      <line num="188" count="11" type="stmt"/>
      <line num="192" count="51" type="stmt"/>
      <line num="196" count="71" type="stmt"/>
      <line num="200" count="32" type="stmt"/>
      <line num="201" count="32" type="stmt"/>
      <line num="202" count="32" type="stmt"/>
      <line num="203" count="43" type="stmt"/>
      <line num="204" count="43" type="cond" truecount="4" falsecount="0"/>
      <line num="205" count="31" type="stmt"/>
      <line num="206" count="31" type="stmt"/>
      <line num="208" count="12" type="cond" truecount="1" falsecount="1"/>
      <line num="210" count="1" type="stmt"/>
      <line num="214" count="16" type="stmt"/>
      <line num="215" count="16" type="stmt"/>
      <line num="216" count="16" type="stmt"/>
      <line num="217" count="29" type="stmt"/>
      <line num="218" count="29" type="cond" truecount="2" falsecount="0"/>
      <line num="219" count="27" type="cond" truecount="2" falsecount="0"/>
      <line num="221" count="1" type="stmt"/>
      <line num="225" count="3" type="stmt"/>
      <line num="226" count="3" type="stmt"/>
      <line num="227" count="3" type="stmt"/>
      <line num="228" count="9" type="stmt"/>
      <line num="229" count="9" type="cond" truecount="2" falsecount="0"/>
      <line num="230" count="8" type="cond" truecount="2" falsecount="0"/>
      <line num="231" count="1" type="stmt"/>
      <line num="232" count="1" type="stmt"/>
      <line num="235" count="1" type="stmt"/>
      <line num="239" count="1" type="stmt"/>
    </file>
    <file name="sorting.js" path="C:\Users\ASUS\Desktop\DSA\src\sorting.js">
      <metrics statements="107" coveredstatements="107" conditionals="30" coveredconditionals="30" methods="20" coveredmethods="20"/>
      <line num="10" count="10" type="stmt"/>
      <line num="11" count="10" type="stmt"/>
      <line num="12" count="10" type="stmt"/>
      <line num="13" count="25" type="stmt"/>
      <line num="14" count="25" type="stmt"/>
      <line num="15" count="104" type="cond" truecount="2" falsecount="0"/>
      <line num="16" count="59" type="stmt"/>
      <line num="17" count="59" type="stmt"/>
      <line num="20" count="25" type="cond" truecount="2" falsecount="0"/>
      <line num="22" count="10" type="stmt"/>
      <line num="27" count="10" type="stmt"/>
      <line num="28" count="10" type="stmt"/>
      <line num="29" count="10" type="stmt"/>
      <line num="30" count="37" type="stmt"/>
      <line num="31" count="37" type="stmt"/>
      <line num="32" count="135" type="cond" truecount="2" falsecount="0"/>
      <line num="34" count="37" type="cond" truecount="2" falsecount="0"/>
      <line num="36" count="10" type="stmt"/>
      <line num="41" count="10" type="stmt"/>
      <line num="42" count="10" type="stmt"/>
      <line num="43" count="10" type="stmt"/>
      <line num="44" count="39" type="stmt"/>
      <line num="45" count="39" type="stmt"/>
      <line num="46" count="39" type="cond" truecount="2" falsecount="0"/>
      <line num="47" count="60" type="stmt"/>
      <line num="48" count="60" type="stmt"/>
      <line num="50" count="39" type="stmt"/>
      <line num="52" count="10" type="stmt"/>
      <line num="57" count="11" type="stmt"/>
      <line num="58" count="11" type="cond" truecount="2" falsecount="0"/>
      <line num="61" count="136" type="stmt"/>
      <line num="62" count="136" type="stmt"/>
      <line num="63" count="136" type="cond" truecount="2" falsecount="0"/>
      <line num="64" count="426" type="cond" truecount="2" falsecount="0"/>
      <line num="65" count="389" type="stmt"/>
      <line num="67" count="136" type="stmt"/>
      <line num="71" count="281" type="cond" truecount="2" falsecount="0"/>
      <line num="72" count="136" type="stmt"/>
      <line num="73" count="136" type="stmt"/>
      <line num="76" count="9" type="stmt"/>
      <line num="84" count="10" type="stmt"/>
      <line num="87" count="33" type="stmt"/>
      <line num="88" count="33" type="stmt"/>
      <line num="89" count="33" type="stmt"/>
      <line num="90" count="115" type="cond" truecount="2" falsecount="0"/>
      <line num="91" count="79" type="stmt"/>
      <line num="92" count="79" type="stmt"/>
      <line num="95" count="33" type="stmt"/>
      <line num="96" count="33" type="stmt"/>
      <line num="100" count="76" type="cond" truecount="2" falsecount="0"/>
      <line num="101" count="33" type="stmt"/>
      <line num="102" count="33" type="stmt"/>
      <line num="103" count="33" type="stmt"/>
      <line num="107" count="10" type="stmt"/>
      <line num="108" count="10" type="stmt"/>
      <line num="116" count="11" type="cond" truecount="2" falsecount="0"/>
      <line num="117" count="10" type="stmt"/>
      <line num="118" count="10" type="stmt"/>
      <line num="119" count="10" type="stmt"/>
      <line num="120" count="51" type="stmt"/>
      <line num="121" count="271" type="stmt"/>
      <line num="122" count="10" type="stmt"/>
      <line num="123" count="10" type="stmt"/>
      <line num="124" count="51" type="stmt"/>
      <line num="125" count="51" type="stmt"/>
      <line num="127" count="10" type="stmt"/>
      <line num="135" count="11" type="cond" truecount="2" falsecount="0"/>
      <line num="136" count="10" type="stmt"/>
      <line num="137" count="10" type="stmt"/>
      <line num="140" count="14" type="stmt"/>
      <line num="141" count="14" type="stmt"/>
      <line num="142" count="81" type="stmt"/>
      <line num="143" count="126" type="stmt"/>
      <line num="144" count="14" type="stmt"/>
      <line num="145" count="81" type="stmt"/>
      <line num="146" count="81" type="stmt"/>
      <line num="147" count="81" type="stmt"/>
      <line num="149" count="14" type="stmt"/>
      <line num="152" count="10" type="stmt"/>
      <line num="153" count="10" type="stmt"/>
      <line num="154" count="14" type="stmt"/>
      <line num="156" count="10" type="stmt"/>
      <line num="163" count="10" type="stmt"/>
      <line num="164" count="10" type="stmt"/>
      <line num="165" count="10" type="stmt"/>
      <line num="166" count="10" type="stmt"/>
      <line num="167" count="10" type="stmt"/>
      <line num="168" count="15" type="stmt"/>
      <line num="169" count="61" type="stmt"/>
      <line num="170" count="61" type="stmt"/>
      <line num="171" count="61" type="cond" truecount="2" falsecount="0"/>
      <line num="172" count="35" type="stmt"/>
      <line num="173" count="35" type="stmt"/>
      <line num="175" count="61" type="stmt"/>
      <line num="177" count="15" type="stmt"/>
      <line num="179" count="10" type="stmt"/>
      <line num="187" count="11" type="cond" truecount="2" falsecount="0"/>
      <line num="188" count="10" type="stmt"/>
      <line num="189" count="10" type="stmt"/>
      <line num="190" count="10" type="stmt"/>
      <line num="191" count="48" type="stmt"/>
      <line num="193" count="10" type="stmt"/>
      <line num="194" count="48" type="stmt"/>
      <line num="195" count="48" type="stmt"/>
      <line num="198" count="48" type="stmt"/>
      <line num="199" count="10" type="stmt"/>
      <line num="202" count="1" type="stmt"/>
    </file>
  </project>
</coverage>
