{"C:\\Users\\ASUS\\Desktop\\DSA\\src\\divideAndConquer.js": {"path":"C:\\Users\\ASUS\\Desktop\\DSA\\src\\divideAndConquer.js","statementMap":{"0":{"start":{"line":12,"column":12},"end":{"line":12,"column":13}},"1":{"start":{"line":12,"column":22},"end":{"line":12,"column":36}},"2":{"start":{"line":13,"column":2},"end":{"line":18,"column":3}},"3":{"start":{"line":14,"column":16},"end":{"line":14,"column":33}},"4":{"start":{"line":15,"column":4},"end":{"line":15,"column":40}},"5":{"start":{"line":15,"column":29},"end":{"line":15,"column":40}},"6":{"start":{"line":16,"column":4},"end":{"line":17,"column":24}},"7":{"start":{"line":16,"column":27},"end":{"line":16,"column":41}},"8":{"start":{"line":17,"column":9},"end":{"line":17,"column":24}},"9":{"start":{"line":19,"column":2},"end":{"line":19,"column":12}},"10":{"start":{"line":27,"column":12},"end":{"line":27,"column":13}},"11":{"start":{"line":27,"column":22},"end":{"line":27,"column":36}},"12":{"start":{"line":27,"column":44},"end":{"line":27,"column":46}},"13":{"start":{"line":28,"column":2},"end":{"line":38,"column":3}},"14":{"start":{"line":29,"column":16},"end":{"line":29,"column":33}},"15":{"start":{"line":30,"column":4},"end":{"line":37,"column":5}},"16":{"start":{"line":31,"column":6},"end":{"line":31,"column":16}},"17":{"start":{"line":32,"column":6},"end":{"line":32,"column":21}},"18":{"start":{"line":33,"column":11},"end":{"line":37,"column":5}},"19":{"start":{"line":34,"column":6},"end":{"line":34,"column":20}},"20":{"start":{"line":36,"column":6},"end":{"line":36,"column":21}},"21":{"start":{"line":39,"column":2},"end":{"line":39,"column":13}},"22":{"start":{"line":47,"column":12},"end":{"line":47,"column":13}},"23":{"start":{"line":47,"column":22},"end":{"line":47,"column":36}},"24":{"start":{"line":47,"column":44},"end":{"line":47,"column":54}},"25":{"start":{"line":48,"column":2},"end":{"line":56,"column":3}},"26":{"start":{"line":49,"column":16},"end":{"line":49,"column":33}},"27":{"start":{"line":50,"column":4},"end":{"line":55,"column":5}},"28":{"start":{"line":51,"column":6},"end":{"line":51,"column":16}},"29":{"start":{"line":52,"column":6},"end":{"line":52,"column":21}},"30":{"start":{"line":54,"column":6},"end":{"line":54,"column":20}},"31":{"start":{"line":57,"column":2},"end":{"line":57,"column":13}},"32":{"start":{"line":65,"column":2},"end":{"line":65,"column":28}},"33":{"start":{"line":65,"column":19},"end":{"line":65,"column":28}},"34":{"start":{"line":68,"column":18},"end":{"line":68,"column":27}},"35":{"start":{"line":68,"column":35},"end":{"line":68,"column":36}},"36":{"start":{"line":69,"column":4},"end":{"line":72,"column":5}},"37":{"start":{"line":69,"column":17},"end":{"line":69,"column":20}},"38":{"start":{"line":70,"column":6},"end":{"line":70,"column":20}},"39":{"start":{"line":71,"column":6},"end":{"line":71,"column":39}},"40":{"start":{"line":71,"column":25},"end":{"line":71,"column":39}},"41":{"start":{"line":73,"column":19},"end":{"line":73,"column":28}},"42":{"start":{"line":74,"column":4},"end":{"line":74,"column":12}},"43":{"start":{"line":75,"column":4},"end":{"line":78,"column":5}},"44":{"start":{"line":75,"column":17},"end":{"line":75,"column":24}},"45":{"start":{"line":76,"column":6},"end":{"line":76,"column":20}},"46":{"start":{"line":77,"column":6},"end":{"line":77,"column":41}},"47":{"start":{"line":77,"column":26},"end":{"line":77,"column":41}},"48":{"start":{"line":79,"column":4},"end":{"line":79,"column":30}},"49":{"start":{"line":83,"column":4},"end":{"line":83,"column":38}},"50":{"start":{"line":83,"column":22},"end":{"line":83,"column":38}},"51":{"start":{"line":84,"column":16},"end":{"line":84,"column":44}},"52":{"start":{"line":85,"column":4},"end":{"line":89,"column":6}},"53":{"start":{"line":92,"column":2},"end":{"line":92,"column":39}},"54":{"start":{"line":100,"column":2},"end":{"line":100,"column":45}},"55":{"start":{"line":100,"column":38},"end":{"line":100,"column":43}},"56":{"start":{"line":103,"column":0},"end":{"line":109,"column":2}}},"fnMap":{"0":{"name":"binarySearch","decl":{"start":{"line":11,"column":9},"end":{"line":11,"column":21}},"loc":{"start":{"line":11,"column":35},"end":{"line":20,"column":1}},"line":11},"1":{"name":"firstOccurrence","decl":{"start":{"line":26,"column":9},"end":{"line":26,"column":24}},"loc":{"start":{"line":26,"column":38},"end":{"line":40,"column":1}},"line":26},"2":{"name":"lowerBound","decl":{"start":{"line":46,"column":9},"end":{"line":46,"column":19}},"loc":{"start":{"line":46,"column":33},"end":{"line":58,"column":1}},"line":46},"3":{"name":"maxSubarrayDivideConquer","decl":{"start":{"line":64,"column":9},"end":{"line":64,"column":33}},"loc":{"start":{"line":64,"column":39},"end":{"line":93,"column":1}},"line":64},"4":{"name":"crossingSum","decl":{"start":{"line":67,"column":11},"end":{"line":67,"column":22}},"loc":{"start":{"line":67,"column":44},"end":{"line":80,"column":3}},"line":67},"5":{"name":"solve","decl":{"start":{"line":82,"column":11},"end":{"line":82,"column":16}},"loc":{"start":{"line":82,"column":33},"end":{"line":90,"column":3}},"line":82},"6":{"name":"kWayMerge","decl":{"start":{"line":99,"column":9},"end":{"line":99,"column":18}},"loc":{"start":{"line":99,"column":27},"end":{"line":101,"column":1}},"line":99},"7":{"name":"(anonymous_7)","decl":{"start":{"line":100,"column":28},"end":{"line":100,"column":29}},"loc":{"start":{"line":100,"column":38},"end":{"line":100,"column":43}},"line":100}},"branchMap":{"0":{"loc":{"start":{"line":15,"column":4},"end":{"line":15,"column":40}},"type":"if","locations":[{"start":{"line":15,"column":4},"end":{"line":15,"column":40}},{"start":{},"end":{}}],"line":15},"1":{"loc":{"start":{"line":16,"column":4},"end":{"line":17,"column":24}},"type":"if","locations":[{"start":{"line":16,"column":4},"end":{"line":17,"column":24}},{"start":{"line":17,"column":9},"end":{"line":17,"column":24}}],"line":16},"2":{"loc":{"start":{"line":30,"column":4},"end":{"line":37,"column":5}},"type":"if","locations":[{"start":{"line":30,"column":4},"end":{"line":37,"column":5}},{"start":{"line":33,"column":11},"end":{"line":37,"column":5}}],"line":30},"3":{"loc":{"start":{"line":33,"column":11},"end":{"line":37,"column":5}},"type":"if","locations":[{"start":{"line":33,"column":11},"end":{"line":37,"column":5}},{"start":{"line":35,"column":11},"end":{"line":37,"column":5}}],"line":33},"4":{"loc":{"start":{"line":50,"column":4},"end":{"line":55,"column":5}},"type":"if","locations":[{"start":{"line":50,"column":4},"end":{"line":55,"column":5}},{"start":{"line":53,"column":11},"end":{"line":55,"column":5}}],"line":50},"5":{"loc":{"start":{"line":65,"column":2},"end":{"line":65,"column":28}},"type":"if","locations":[{"start":{"line":65,"column":2},"end":{"line":65,"column":28}},{"start":{},"end":{}}],"line":65},"6":{"loc":{"start":{"line":71,"column":6},"end":{"line":71,"column":39}},"type":"if","locations":[{"start":{"line":71,"column":6},"end":{"line":71,"column":39}},{"start":{},"end":{}}],"line":71},"7":{"loc":{"start":{"line":77,"column":6},"end":{"line":77,"column":41}},"type":"if","locations":[{"start":{"line":77,"column":6},"end":{"line":77,"column":41}},{"start":{},"end":{}}],"line":77},"8":{"loc":{"start":{"line":83,"column":4},"end":{"line":83,"column":38}},"type":"if","locations":[{"start":{"line":83,"column":4},"end":{"line":83,"column":38}},{"start":{},"end":{}}],"line":83}},"s":{"0":13,"1":13,"2":13,"3":31,"4":31,"5":7,"6":24,"7":9,"8":15,"9":6,"10":7,"11":7,"12":7,"13":7,"14":16,"15":16,"16":6,"17":6,"18":10,"19":9,"20":1,"21":7,"22":6,"23":6,"24":6,"25":6,"26":13,"27":13,"28":6,"29":6,"30":7,"31":6,"32":7,"33":1,"34":19,"35":19,"36":19,"37":19,"38":34,"39":34,"40":26,"41":19,"42":19,"43":19,"44":19,"45":27,"46":27,"47":23,"48":19,"49":44,"50":25,"51":19,"52":19,"53":6,"54":5,"55":22,"56":1},"f":{"0":13,"1":7,"2":6,"3":7,"4":19,"5":44,"6":5,"7":22},"b":{"0":[7,24],"1":[9,15],"2":[6,10],"3":[9,1],"4":[6,7],"5":[1,6],"6":[26,8],"7":[23,4],"8":[25,19]},"_coverageSchema":"1a1c01bbd47fc00a2c39e90264f33305004495a9","hash":"61901b80ebc66415f20197a181ed9b945126747e"}
,"C:\\Users\\ASUS\\Desktop\\DSA\\src\\dynamicProgramming.js": {"path":"C:\\Users\\ASUS\\Desktop\\DSA\\src\\dynamicProgramming.js","statementMap":{"0":{"start":{"line":13,"column":12},"end":{"line":13,"column":23}},"1":{"start":{"line":13,"column":29},"end":{"line":13,"column":40}},"2":{"start":{"line":14,"column":13},"end":{"line":14,"column":70}},"3":{"start":{"line":14,"column":49},"end":{"line":14,"column":69}},"4":{"start":{"line":16,"column":2},"end":{"line":24,"column":3}},"5":{"start":{"line":16,"column":15},"end":{"line":16,"column":16}},"6":{"start":{"line":17,"column":4},"end":{"line":23,"column":5}},"7":{"start":{"line":17,"column":17},"end":{"line":17,"column":18}},"8":{"start":{"line":18,"column":6},"end":{"line":22,"column":7}},"9":{"start":{"line":19,"column":8},"end":{"line":19,"column":40}},"10":{"start":{"line":21,"column":8},"end":{"line":21,"column":56}},"11":{"start":{"line":27,"column":10},"end":{"line":27,"column":11}},"12":{"start":{"line":27,"column":17},"end":{"line":27,"column":18}},"13":{"start":{"line":27,"column":29},"end":{"line":27,"column":31}},"14":{"start":{"line":28,"column":2},"end":{"line":38,"column":3}},"15":{"start":{"line":29,"column":4},"end":{"line":37,"column":5}},"16":{"start":{"line":30,"column":6},"end":{"line":30,"column":36}},"17":{"start":{"line":31,"column":6},"end":{"line":31,"column":10}},"18":{"start":{"line":32,"column":6},"end":{"line":32,"column":10}},"19":{"start":{"line":33,"column":11},"end":{"line":37,"column":5}},"20":{"start":{"line":34,"column":6},"end":{"line":34,"column":10}},"21":{"start":{"line":36,"column":6},"end":{"line":36,"column":10}},"22":{"start":{"line":40,"column":2},"end":{"line":40,"column":43}},"23":{"start":{"line":50,"column":12},"end":{"line":50,"column":24}},"24":{"start":{"line":51,"column":13},"end":{"line":51,"column":77}},"25":{"start":{"line":51,"column":49},"end":{"line":51,"column":76}},"26":{"start":{"line":53,"column":2},"end":{"line":60,"column":3}},"27":{"start":{"line":53,"column":15},"end":{"line":53,"column":16}},"28":{"start":{"line":54,"column":4},"end":{"line":59,"column":5}},"29":{"start":{"line":54,"column":17},"end":{"line":54,"column":18}},"30":{"start":{"line":55,"column":6},"end":{"line":55,"column":30}},"31":{"start":{"line":56,"column":6},"end":{"line":58,"column":7}},"32":{"start":{"line":57,"column":8},"end":{"line":57,"column":86}},"33":{"start":{"line":63,"column":17},"end":{"line":63,"column":19}},"34":{"start":{"line":64,"column":10},"end":{"line":64,"column":18}},"35":{"start":{"line":65,"column":2},"end":{"line":70,"column":3}},"36":{"start":{"line":65,"column":15},"end":{"line":65,"column":16}},"37":{"start":{"line":66,"column":4},"end":{"line":69,"column":5}},"38":{"start":{"line":67,"column":6},"end":{"line":67,"column":25}},"39":{"start":{"line":68,"column":6},"end":{"line":68,"column":26}},"40":{"start":{"line":72,"column":2},"end":{"line":72,"column":65}},"41":{"start":{"line":82,"column":12},"end":{"line":82,"column":27}},"42":{"start":{"line":83,"column":2},"end":{"line":83,"column":23}},"43":{"start":{"line":83,"column":14},"end":{"line":83,"column":23}},"44":{"start":{"line":85,"column":13},"end":{"line":85,"column":62}},"45":{"start":{"line":85,"column":45},"end":{"line":85,"column":61}},"46":{"start":{"line":87,"column":2},"end":{"line":96,"column":3}},"47":{"start":{"line":87,"column":17},"end":{"line":87,"column":18}},"48":{"start":{"line":88,"column":4},"end":{"line":95,"column":5}},"49":{"start":{"line":88,"column":17},"end":{"line":88,"column":18}},"50":{"start":{"line":89,"column":16},"end":{"line":89,"column":27}},"51":{"start":{"line":90,"column":6},"end":{"line":90,"column":26}},"52":{"start":{"line":91,"column":6},"end":{"line":94,"column":7}},"53":{"start":{"line":91,"column":19},"end":{"line":91,"column":20}},"54":{"start":{"line":92,"column":21},"end":{"line":92,"column":82}},"55":{"start":{"line":93,"column":8},"end":{"line":93,"column":45}},"56":{"start":{"line":93,"column":29},"end":{"line":93,"column":45}},"57":{"start":{"line":98,"column":2},"end":{"line":98,"column":22}},"58":{"start":{"line":107,"column":2},"end":{"line":107,"column":60}},"59":{"start":{"line":107,"column":19},"end":{"line":107,"column":60}},"60":{"start":{"line":109,"column":15},"end":{"line":109,"column":21}},"61":{"start":{"line":109,"column":36},"end":{"line":109,"column":42}},"62":{"start":{"line":110,"column":14},"end":{"line":110,"column":15}},"63":{"start":{"line":110,"column":23},"end":{"line":110,"column":24}},"64":{"start":{"line":110,"column":38},"end":{"line":110,"column":39}},"65":{"start":{"line":112,"column":2},"end":{"line":124,"column":3}},"66":{"start":{"line":112,"column":15},"end":{"line":112,"column":16}},"67":{"start":{"line":113,"column":4},"end":{"line":118,"column":5}},"68":{"start":{"line":114,"column":6},"end":{"line":114,"column":26}},"69":{"start":{"line":115,"column":6},"end":{"line":115,"column":20}},"70":{"start":{"line":117,"column":6},"end":{"line":117,"column":27}},"71":{"start":{"line":119,"column":4},"end":{"line":123,"column":5}},"72":{"start":{"line":120,"column":6},"end":{"line":120,"column":26}},"73":{"start":{"line":121,"column":6},"end":{"line":121,"column":24}},"74":{"start":{"line":122,"column":6},"end":{"line":122,"column":14}},"75":{"start":{"line":126,"column":2},"end":{"line":126,"column":32}},"76":{"start":{"line":135,"column":15},"end":{"line":135,"column":24}},"77":{"start":{"line":138,"column":4},"end":{"line":138,"column":37}},"78":{"start":{"line":138,"column":28},"end":{"line":138,"column":37}},"79":{"start":{"line":139,"column":16},"end":{"line":139,"column":27}},"80":{"start":{"line":140,"column":4},"end":{"line":140,"column":44}},"81":{"start":{"line":140,"column":23},"end":{"line":140,"column":44}},"82":{"start":{"line":142,"column":4},"end":{"line":146,"column":5}},"83":{"start":{"line":143,"column":6},"end":{"line":143,"column":39}},"84":{"start":{"line":145,"column":6},"end":{"line":145,"column":58}},"85":{"start":{"line":147,"column":4},"end":{"line":147,"column":26}},"86":{"start":{"line":148,"column":4},"end":{"line":148,"column":18}},"87":{"start":{"line":151,"column":2},"end":{"line":151,"column":41}},"88":{"start":{"line":160,"column":15},"end":{"line":160,"column":24}},"89":{"start":{"line":163,"column":4},"end":{"line":163,"column":42}},"90":{"start":{"line":163,"column":33},"end":{"line":163,"column":42}},"91":{"start":{"line":164,"column":16},"end":{"line":164,"column":35}},"92":{"start":{"line":165,"column":4},"end":{"line":165,"column":44}},"93":{"start":{"line":165,"column":23},"end":{"line":165,"column":44}},"94":{"start":{"line":166,"column":17},"end":{"line":166,"column":40}},"95":{"start":{"line":167,"column":4},"end":{"line":169,"column":5}},"96":{"start":{"line":168,"column":6},"end":{"line":168,"column":83}},"97":{"start":{"line":170,"column":4},"end":{"line":170,"column":26}},"98":{"start":{"line":171,"column":4},"end":{"line":171,"column":18}},"99":{"start":{"line":174,"column":2},"end":{"line":174,"column":43}},"100":{"start":{"line":177,"column":0},"end":{"line":184,"column":2}}},"fnMap":{"0":{"name":"lcs","decl":{"start":{"line":12,"column":9},"end":{"line":12,"column":12}},"loc":{"start":{"line":12,"column":25},"end":{"line":41,"column":1}},"line":12},"1":{"name":"(anonymous_1)","decl":{"start":{"line":14,"column":43},"end":{"line":14,"column":44}},"loc":{"start":{"line":14,"column":49},"end":{"line":14,"column":69}},"line":14},"2":{"name":"knapsack01","decl":{"start":{"line":49,"column":9},"end":{"line":49,"column":19}},"loc":{"start":{"line":49,"column":37},"end":{"line":73,"column":1}},"line":49},"3":{"name":"(anonymous_3)","decl":{"start":{"line":51,"column":43},"end":{"line":51,"column":44}},"loc":{"start":{"line":51,"column":49},"end":{"line":51,"column":76}},"line":51},"4":{"name":"matrixChainMultiplication","decl":{"start":{"line":81,"column":9},"end":{"line":81,"column":34}},"loc":{"start":{"line":81,"column":41},"end":{"line":99,"column":1}},"line":81},"5":{"name":"(anonymous_5)","decl":{"start":{"line":85,"column":39},"end":{"line":85,"column":40}},"loc":{"start":{"line":85,"column":45},"end":{"line":85,"column":61}},"line":85},"6":{"name":"kadane","decl":{"start":{"line":106,"column":9},"end":{"line":106,"column":15}},"loc":{"start":{"line":106,"column":21},"end":{"line":127,"column":1}},"line":106},"7":{"name":"lcsMemo","decl":{"start":{"line":134,"column":9},"end":{"line":134,"column":16}},"loc":{"start":{"line":134,"column":29},"end":{"line":152,"column":1}},"line":134},"8":{"name":"solve","decl":{"start":{"line":137,"column":11},"end":{"line":137,"column":16}},"loc":{"start":{"line":137,"column":23},"end":{"line":149,"column":3}},"line":137},"9":{"name":"knapsack01Memo","decl":{"start":{"line":159,"column":9},"end":{"line":159,"column":23}},"loc":{"start":{"line":159,"column":41},"end":{"line":175,"column":1}},"line":159},"10":{"name":"solve","decl":{"start":{"line":162,"column":11},"end":{"line":162,"column":16}},"loc":{"start":{"line":162,"column":31},"end":{"line":172,"column":3}},"line":162}},"branchMap":{"0":{"loc":{"start":{"line":18,"column":6},"end":{"line":22,"column":7}},"type":"if","locations":[{"start":{"line":18,"column":6},"end":{"line":22,"column":7}},{"start":{"line":20,"column":13},"end":{"line":22,"column":7}}],"line":18},"1":{"loc":{"start":{"line":28,"column":9},"end":{"line":28,"column":23}},"type":"binary-expr","locations":[{"start":{"line":28,"column":9},"end":{"line":28,"column":14}},{"start":{"line":28,"column":18},"end":{"line":28,"column":23}}],"line":28},"2":{"loc":{"start":{"line":29,"column":4},"end":{"line":37,"column":5}},"type":"if","locations":[{"start":{"line":29,"column":4},"end":{"line":37,"column":5}},{"start":{"line":33,"column":11},"end":{"line":37,"column":5}}],"line":29},"3":{"loc":{"start":{"line":33,"column":11},"end":{"line":37,"column":5}},"type":"if","locations":[{"start":{"line":33,"column":11},"end":{"line":37,"column":5}},{"start":{"line":35,"column":11},"end":{"line":37,"column":5}}],"line":33},"4":{"loc":{"start":{"line":56,"column":6},"end":{"line":58,"column":7}},"type":"if","locations":[{"start":{"line":56,"column":6},"end":{"line":58,"column":7}},{"start":{},"end":{}}],"line":56},"5":{"loc":{"start":{"line":66,"column":4},"end":{"line":69,"column":5}},"type":"if","locations":[{"start":{"line":66,"column":4},"end":{"line":69,"column":5}},{"start":{},"end":{}}],"line":66},"6":{"loc":{"start":{"line":83,"column":2},"end":{"line":83,"column":23}},"type":"if","locations":[{"start":{"line":83,"column":2},"end":{"line":83,"column":23}},{"start":{},"end":{}}],"line":83},"7":{"loc":{"start":{"line":93,"column":8},"end":{"line":93,"column":45}},"type":"if","locations":[{"start":{"line":93,"column":8},"end":{"line":93,"column":45}},{"start":{},"end":{}}],"line":93},"8":{"loc":{"start":{"line":107,"column":2},"end":{"line":107,"column":60}},"type":"if","locations":[{"start":{"line":107,"column":2},"end":{"line":107,"column":60}},{"start":{},"end":{}}],"line":107},"9":{"loc":{"start":{"line":113,"column":4},"end":{"line":118,"column":5}},"type":"if","locations":[{"start":{"line":113,"column":4},"end":{"line":118,"column":5}},{"start":{"line":116,"column":11},"end":{"line":118,"column":5}}],"line":113},"10":{"loc":{"start":{"line":119,"column":4},"end":{"line":123,"column":5}},"type":"if","locations":[{"start":{"line":119,"column":4},"end":{"line":123,"column":5}},{"start":{},"end":{}}],"line":119},"11":{"loc":{"start":{"line":138,"column":4},"end":{"line":138,"column":37}},"type":"if","locations":[{"start":{"line":138,"column":4},"end":{"line":138,"column":37}},{"start":{},"end":{}}],"line":138},"12":{"loc":{"start":{"line":138,"column":8},"end":{"line":138,"column":26}},"type":"binary-expr","locations":[{"start":{"line":138,"column":8},"end":{"line":138,"column":15}},{"start":{"line":138,"column":19},"end":{"line":138,"column":26}}],"line":138},"13":{"loc":{"start":{"line":140,"column":4},"end":{"line":140,"column":44}},"type":"if","locations":[{"start":{"line":140,"column":4},"end":{"line":140,"column":44}},{"start":{},"end":{}}],"line":140},"14":{"loc":{"start":{"line":142,"column":4},"end":{"line":146,"column":5}},"type":"if","locations":[{"start":{"line":142,"column":4},"end":{"line":146,"column":5}},{"start":{"line":144,"column":11},"end":{"line":146,"column":5}}],"line":142},"15":{"loc":{"start":{"line":163,"column":4},"end":{"line":163,"column":42}},"type":"if","locations":[{"start":{"line":163,"column":4},"end":{"line":163,"column":42}},{"start":{},"end":{}}],"line":163},"16":{"loc":{"start":{"line":163,"column":8},"end":{"line":163,"column":31}},"type":"binary-expr","locations":[{"start":{"line":163,"column":8},"end":{"line":163,"column":13}},{"start":{"line":163,"column":17},"end":{"line":163,"column":31}}],"line":163},"17":{"loc":{"start":{"line":165,"column":4},"end":{"line":165,"column":44}},"type":"if","locations":[{"start":{"line":165,"column":4},"end":{"line":165,"column":44}},{"start":{},"end":{}}],"line":165},"18":{"loc":{"start":{"line":167,"column":4},"end":{"line":169,"column":5}},"type":"if","locations":[{"start":{"line":167,"column":4},"end":{"line":169,"column":5}},{"start":{},"end":{}}],"line":167}},"s":{"0":11,"1":11,"2":11,"3":55,"4":11,"5":11,"6":44,"7":44,"8":231,"9":44,"10":187,"11":11,"12":11,"13":11,"14":11,"15":40,"16":26,"17":26,"18":26,"19":14,"20":0,"21":14,"22":11,"23":10,"24":10,"25":37,"26":10,"27":10,"28":27,"29":27,"30":319,"31":319,"32":189,"33":10,"34":10,"35":10,"36":10,"37":27,"38":13,"39":13,"40":10,"41":6,"42":6,"43":3,"44":3,"45":8,"46":3,"47":3,"48":5,"49":5,"50":7,"51":7,"52":7,"53":7,"54":9,"55":9,"56":9,"57":3,"58":10,"59":1,"60":9,"61":9,"62":9,"63":9,"64":9,"65":9,"66":9,"67":33,"68":11,"69":11,"70":22,"71":33,"72":20,"73":20,"74":20,"75":9,"76":4,"77":53,"78":12,"79":41,"80":41,"81":11,"82":30,"83":11,"84":19,"85":30,"86":30,"87":4,"88":3,"89":21,"90":11,"91":10,"92":10,"93":0,"94":10,"95":10,"96":8,"97":10,"98":10,"99":3,"100":1},"f":{"0":11,"1":55,"2":10,"3":37,"4":6,"5":8,"6":10,"7":4,"8":53,"9":3,"10":21},"b":{"0":[44,187],"1":[51,47],"2":[26,14],"3":[0,14],"4":[189,130],"5":[13,14],"6":[3,3],"7":[9,0],"8":[1,9],"9":[11,22],"10":[20,13],"11":[12,41],"12":[53,45],"13":[11,30],"14":[11,19],"15":[11,10],"16":[21,12],"17":[0,10],"18":[8,2]},"_coverageSchema":"1a1c01bbd47fc00a2c39e90264f33305004495a9","hash":"145e8910867f1f14838589bee47cb393e1e48efe"}
,"C:\\Users\\ASUS\\Desktop\\DSA\\src\\graph.js": {"path":"C:\\Users\\ASUS\\Desktop\\DSA\\src\\graph.js","statementMap":{"0":{"start":{"line":13,"column":14},"end":{"line":13,"column":46}},"1":{"start":{"line":13,"column":37},"end":{"line":13,"column":44}},"2":{"start":{"line":14,"column":2},"end":{"line":17,"column":5}},"3":{"start":{"line":15,"column":4},"end":{"line":15,"column":23}},"4":{"start":{"line":16,"column":4},"end":{"line":16,"column":38}},"5":{"start":{"line":16,"column":19},"end":{"line":16,"column":38}},"6":{"start":{"line":18,"column":2},"end":{"line":18,"column":13}},"7":{"start":{"line":26,"column":18},"end":{"line":26,"column":34}},"8":{"start":{"line":27,"column":16},"end":{"line":27,"column":18}},"9":{"start":{"line":28,"column":16},"end":{"line":28,"column":23}},"10":{"start":{"line":30,"column":2},"end":{"line":39,"column":3}},"11":{"start":{"line":31,"column":17},"end":{"line":31,"column":30}},"12":{"start":{"line":32,"column":4},"end":{"line":32,"column":21}},"13":{"start":{"line":33,"column":4},"end":{"line":38,"column":5}},"14":{"start":{"line":34,"column":6},"end":{"line":37,"column":7}},"15":{"start":{"line":35,"column":8},"end":{"line":35,"column":31}},"16":{"start":{"line":36,"column":8},"end":{"line":36,"column":30}},"17":{"start":{"line":41,"column":2},"end":{"line":41,"column":15}},"18":{"start":{"line":49,"column":18},"end":{"line":49,"column":27}},"19":{"start":{"line":50,"column":16},"end":{"line":50,"column":18}},"20":{"start":{"line":51,"column":16},"end":{"line":51,"column":23}},"21":{"start":{"line":53,"column":2},"end":{"line":62,"column":3}},"22":{"start":{"line":54,"column":17},"end":{"line":54,"column":28}},"23":{"start":{"line":55,"column":4},"end":{"line":55,"column":36}},"24":{"start":{"line":55,"column":27},"end":{"line":55,"column":36}},"25":{"start":{"line":56,"column":4},"end":{"line":56,"column":22}},"26":{"start":{"line":57,"column":4},"end":{"line":57,"column":21}},"27":{"start":{"line":58,"column":23},"end":{"line":58,"column":59}},"28":{"start":{"line":59,"column":4},"end":{"line":61,"column":5}},"29":{"start":{"line":60,"column":6},"end":{"line":60,"column":57}},"30":{"start":{"line":60,"column":35},"end":{"line":60,"column":57}},"31":{"start":{"line":64,"column":2},"end":{"line":64,"column":15}},"32":{"start":{"line":71,"column":18},"end":{"line":71,"column":27}},"33":{"start":{"line":72,"column":16},"end":{"line":72,"column":18}},"34":{"start":{"line":75,"column":4},"end":{"line":75,"column":22}},"35":{"start":{"line":76,"column":4},"end":{"line":76,"column":21}},"36":{"start":{"line":77,"column":4},"end":{"line":79,"column":5}},"37":{"start":{"line":78,"column":6},"end":{"line":78,"column":52}},"38":{"start":{"line":78,"column":35},"end":{"line":78,"column":52}},"39":{"start":{"line":82,"column":2},"end":{"line":82,"column":15}},"40":{"start":{"line":83,"column":2},"end":{"line":83,"column":15}},"41":{"start":{"line":93,"column":14},"end":{"line":93,"column":22}},"42":{"start":{"line":94,"column":20},"end":{"line":94,"column":22}},"43":{"start":{"line":95,"column":19},"end":{"line":95,"column":21}},"44":{"start":{"line":96,"column":20},"end":{"line":96,"column":34}},"45":{"start":{"line":98,"column":2},"end":{"line":101,"column":5}},"46":{"start":{"line":99,"column":4},"end":{"line":99,"column":42}},"47":{"start":{"line":100,"column":4},"end":{"line":100,"column":23}},"48":{"start":{"line":103,"column":2},"end":{"line":125,"column":3}},"49":{"start":{"line":105,"column":18},"end":{"line":105,"column":22}},"50":{"start":{"line":106,"column":4},"end":{"line":108,"column":5}},"51":{"start":{"line":107,"column":6},"end":{"line":107,"column":77}},"52":{"start":{"line":107,"column":65},"end":{"line":107,"column":77}},"53":{"start":{"line":109,"column":4},"end":{"line":109,"column":62}},"54":{"start":{"line":109,"column":56},"end":{"line":109,"column":62}},"55":{"start":{"line":111,"column":4},"end":{"line":111,"column":30}},"56":{"start":{"line":113,"column":4},"end":{"line":124,"column":5}},"57":{"start":{"line":114,"column":22},"end":{"line":114,"column":26}},"58":{"start":{"line":115,"column":6},"end":{"line":116,"column":86}},"59":{"start":{"line":115,"column":59},"end":{"line":115,"column":79}},"60":{"start":{"line":116,"column":11},"end":{"line":116,"column":86}},"61":{"start":{"line":116,"column":64},"end":{"line":116,"column":86}},"62":{"start":{"line":117,"column":6},"end":{"line":117,"column":39}},"63":{"start":{"line":117,"column":30},"end":{"line":117,"column":39}},"64":{"start":{"line":119,"column":22},"end":{"line":119,"column":54}},"65":{"start":{"line":120,"column":6},"end":{"line":123,"column":7}},"66":{"start":{"line":121,"column":8},"end":{"line":121,"column":39}},"67":{"start":{"line":122,"column":8},"end":{"line":122,"column":38}},"68":{"start":{"line":127,"column":2},"end":{"line":127,"column":33}},"69":{"start":{"line":135,"column":15},"end":{"line":135,"column":17}},"70":{"start":{"line":136,"column":16},"end":{"line":136,"column":22}},"71":{"start":{"line":137,"column":2},"end":{"line":141,"column":3}},"72":{"start":{"line":138,"column":4},"end":{"line":138,"column":26}},"73":{"start":{"line":139,"column":4},"end":{"line":139,"column":40}},"74":{"start":{"line":139,"column":28},"end":{"line":139,"column":40}},"75":{"start":{"line":140,"column":4},"end":{"line":140,"column":32}},"76":{"start":{"line":142,"column":2},"end":{"line":142,"column":12}},"77":{"start":{"line":151,"column":4},"end":{"line":151,"column":21}},"78":{"start":{"line":152,"column":4},"end":{"line":152,"column":19}},"79":{"start":{"line":153,"column":4},"end":{"line":156,"column":7}},"80":{"start":{"line":154,"column":6},"end":{"line":154,"column":25}},"81":{"start":{"line":155,"column":6},"end":{"line":155,"column":23}},"82":{"start":{"line":160,"column":4},"end":{"line":162,"column":5}},"83":{"start":{"line":161,"column":6},"end":{"line":161,"column":49}},"84":{"start":{"line":163,"column":4},"end":{"line":163,"column":26}},"85":{"start":{"line":167,"column":18},"end":{"line":167,"column":30}},"86":{"start":{"line":168,"column":18},"end":{"line":168,"column":30}},"87":{"start":{"line":169,"column":4},"end":{"line":169,"column":38}},"88":{"start":{"line":169,"column":25},"end":{"line":169,"column":38}},"89":{"start":{"line":170,"column":4},"end":{"line":176,"column":5}},"90":{"start":{"line":171,"column":6},"end":{"line":171,"column":33}},"91":{"start":{"line":172,"column":6},"end":{"line":172,"column":43}},"92":{"start":{"line":174,"column":6},"end":{"line":174,"column":33}},"93":{"start":{"line":175,"column":6},"end":{"line":175,"column":43}},"94":{"start":{"line":177,"column":4},"end":{"line":177,"column":16}},"95":{"start":{"line":181,"column":4},"end":{"line":181,"column":41}},"96":{"start":{"line":186,"column":4},"end":{"line":186,"column":73}},"97":{"start":{"line":186,"column":53},"end":{"line":186,"column":65}},"98":{"start":{"line":190,"column":0},"end":{"line":198,"column":2}}},"fnMap":{"0":{"name":"buildAdjList","decl":{"start":{"line":12,"column":9},"end":{"line":12,"column":21}},"loc":{"start":{"line":12,"column":54},"end":{"line":19,"column":1}},"line":12},"1":{"name":"(anonymous_1)","decl":{"start":{"line":13,"column":32},"end":{"line":13,"column":33}},"loc":{"start":{"line":13,"column":37},"end":{"line":13,"column":44}},"line":13},"2":{"name":"(anonymous_2)","decl":{"start":{"line":14,"column":16},"end":{"line":14,"column":17}},"loc":{"start":{"line":14,"column":28},"end":{"line":17,"column":3}},"line":14},"3":{"name":"bfs","decl":{"start":{"line":25,"column":9},"end":{"line":25,"column":12}},"loc":{"start":{"line":25,"column":25},"end":{"line":42,"column":1}},"line":25},"4":{"name":"dfs","decl":{"start":{"line":48,"column":9},"end":{"line":48,"column":12}},"loc":{"start":{"line":48,"column":25},"end":{"line":65,"column":1}},"line":48},"5":{"name":"dfsRecursive","decl":{"start":{"line":70,"column":9},"end":{"line":70,"column":21}},"loc":{"start":{"line":70,"column":34},"end":{"line":84,"column":1}},"line":70},"6":{"name":"visit","decl":{"start":{"line":74,"column":11},"end":{"line":74,"column":16}},"loc":{"start":{"line":74,"column":23},"end":{"line":80,"column":3}},"line":74},"7":{"name":"dijkstra","decl":{"start":{"line":92,"column":9},"end":{"line":92,"column":17}},"loc":{"start":{"line":92,"column":40},"end":{"line":128,"column":1}},"line":92},"8":{"name":"(anonymous_8)","decl":{"start":{"line":98,"column":16},"end":{"line":98,"column":17}},"loc":{"start":{"line":98,"column":21},"end":{"line":101,"column":3}},"line":98},"9":{"name":"reconstructPath","decl":{"start":{"line":134,"column":9},"end":{"line":134,"column":24}},"loc":{"start":{"line":134,"column":51},"end":{"line":143,"column":1}},"line":134},"10":{"name":"(anonymous_10)","decl":{"start":{"line":150,"column":2},"end":{"line":150,"column":3}},"loc":{"start":{"line":150,"column":24},"end":{"line":157,"column":3}},"line":150},"11":{"name":"(anonymous_11)","decl":{"start":{"line":153,"column":21},"end":{"line":153,"column":22}},"loc":{"start":{"line":153,"column":26},"end":{"line":156,"column":5}},"line":153},"12":{"name":"(anonymous_12)","decl":{"start":{"line":159,"column":2},"end":{"line":159,"column":3}},"loc":{"start":{"line":159,"column":10},"end":{"line":164,"column":3}},"line":159},"13":{"name":"(anonymous_13)","decl":{"start":{"line":166,"column":2},"end":{"line":166,"column":3}},"loc":{"start":{"line":166,"column":14},"end":{"line":178,"column":3}},"line":166},"14":{"name":"(anonymous_14)","decl":{"start":{"line":180,"column":2},"end":{"line":180,"column":3}},"loc":{"start":{"line":180,"column":18},"end":{"line":182,"column":3}},"line":180},"15":{"name":"(anonymous_15)","decl":{"start":{"line":185,"column":2},"end":{"line":185,"column":3}},"loc":{"start":{"line":185,"column":14},"end":{"line":187,"column":3}},"line":185},"16":{"name":"(anonymous_16)","decl":{"start":{"line":186,"column":48},"end":{"line":186,"column":49}},"loc":{"start":{"line":186,"column":53},"end":{"line":186,"column":65}},"line":186}},"branchMap":{"0":{"loc":{"start":{"line":12,"column":36},"end":{"line":12,"column":52}},"type":"default-arg","locations":[{"start":{"line":12,"column":47},"end":{"line":12,"column":52}}],"line":12},"1":{"loc":{"start":{"line":16,"column":4},"end":{"line":16,"column":38}},"type":"if","locations":[{"start":{"line":16,"column":4},"end":{"line":16,"column":38}},{"start":{},"end":{}}],"line":16},"2":{"loc":{"start":{"line":33,"column":29},"end":{"line":33,"column":48}},"type":"binary-expr","locations":[{"start":{"line":33,"column":29},"end":{"line":33,"column":42}},{"start":{"line":33,"column":46},"end":{"line":33,"column":48}}],"line":33},"3":{"loc":{"start":{"line":34,"column":6},"end":{"line":37,"column":7}},"type":"if","locations":[{"start":{"line":34,"column":6},"end":{"line":37,"column":7}},{"start":{},"end":{}}],"line":34},"4":{"loc":{"start":{"line":55,"column":4},"end":{"line":55,"column":36}},"type":"if","locations":[{"start":{"line":55,"column":4},"end":{"line":55,"column":36}},{"start":{},"end":{}}],"line":55},"5":{"loc":{"start":{"line":58,"column":28},"end":{"line":58,"column":47}},"type":"binary-expr","locations":[{"start":{"line":58,"column":28},"end":{"line":58,"column":41}},{"start":{"line":58,"column":45},"end":{"line":58,"column":47}}],"line":58},"6":{"loc":{"start":{"line":60,"column":6},"end":{"line":60,"column":57}},"type":"if","locations":[{"start":{"line":60,"column":6},"end":{"line":60,"column":57}},{"start":{},"end":{}}],"line":60},"7":{"loc":{"start":{"line":77,"column":29},"end":{"line":77,"column":48}},"type":"binary-expr","locations":[{"start":{"line":77,"column":29},"end":{"line":77,"column":42}},{"start":{"line":77,"column":46},"end":{"line":77,"column":48}}],"line":77},"8":{"loc":{"start":{"line":78,"column":6},"end":{"line":78,"column":52}},"type":"if","locations":[{"start":{"line":78,"column":6},"end":{"line":78,"column":52}},{"start":{},"end":{}}],"line":78},"9":{"loc":{"start":{"line":99,"column":19},"end":{"line":99,"column":41}},"type":"cond-expr","locations":[{"start":{"line":99,"column":34},"end":{"line":99,"column":35}},{"start":{"line":99,"column":38},"end":{"line":99,"column":41}}],"line":99},"10":{"loc":{"start":{"line":107,"column":6},"end":{"line":107,"column":77}},"type":"if","locations":[{"start":{"line":107,"column":6},"end":{"line":107,"column":77}},{"start":{},"end":{}}],"line":107},"11":{"loc":{"start":{"line":107,"column":10},"end":{"line":107,"column":63}},"type":"binary-expr","locations":[{"start":{"line":107,"column":10},"end":{"line":107,"column":26}},{"start":{"line":107,"column":30},"end":{"line":107,"column":63}}],"line":107},"12":{"loc":{"start":{"line":109,"column":4},"end":{"line":109,"column":62}},"type":"if","locations":[{"start":{"line":109,"column":4},"end":{"line":109,"column":62}},{"start":{},"end":{}}],"line":109},"13":{"loc":{"start":{"line":109,"column":8},"end":{"line":109,"column":54}},"type":"binary-expr","locations":[{"start":{"line":109,"column":8},"end":{"line":109,"column":24}},{"start":{"line":109,"column":28},"end":{"line":109,"column":54}}],"line":109},"14":{"loc":{"start":{"line":115,"column":6},"end":{"line":116,"column":86}},"type":"if","locations":[{"start":{"line":115,"column":6},"end":{"line":116,"column":86}},{"start":{"line":116,"column":11},"end":{"line":116,"column":86}}],"line":115},"15":{"loc":{"start":{"line":115,"column":10},"end":{"line":115,"column":57}},"type":"binary-expr","locations":[{"start":{"line":115,"column":10},"end":{"line":115,"column":31}},{"start":{"line":115,"column":35},"end":{"line":115,"column":57}}],"line":115},"16":{"loc":{"start":{"line":116,"column":11},"end":{"line":116,"column":86}},"type":"if","locations":[{"start":{"line":116,"column":11},"end":{"line":116,"column":86}},{"start":{},"end":{}}],"line":116},"17":{"loc":{"start":{"line":116,"column":15},"end":{"line":116,"column":62}},"type":"binary-expr","locations":[{"start":{"line":116,"column":15},"end":{"line":116,"column":34}},{"start":{"line":116,"column":38},"end":{"line":116,"column":62}}],"line":116},"18":{"loc":{"start":{"line":117,"column":6},"end":{"line":117,"column":39}},"type":"if","locations":[{"start":{"line":117,"column":6},"end":{"line":117,"column":39}},{"start":{},"end":{}}],"line":117},"19":{"loc":{"start":{"line":120,"column":6},"end":{"line":123,"column":7}},"type":"if","locations":[{"start":{"line":120,"column":6},"end":{"line":123,"column":7}},{"start":{},"end":{}}],"line":120},"20":{"loc":{"start":{"line":139,"column":4},"end":{"line":139,"column":40}},"type":"if","locations":[{"start":{"line":139,"column":4},"end":{"line":139,"column":40}},{"start":{},"end":{}}],"line":139},"21":{"loc":{"start":{"line":160,"column":4},"end":{"line":162,"column":5}},"type":"if","locations":[{"start":{"line":160,"column":4},"end":{"line":162,"column":5}},{"start":{},"end":{}}],"line":160},"22":{"loc":{"start":{"line":169,"column":4},"end":{"line":169,"column":38}},"type":"if","locations":[{"start":{"line":169,"column":4},"end":{"line":169,"column":38}},{"start":{},"end":{}}],"line":169},"23":{"loc":{"start":{"line":170,"column":4},"end":{"line":176,"column":5}},"type":"if","locations":[{"start":{"line":170,"column":4},"end":{"line":176,"column":5}},{"start":{"line":173,"column":11},"end":{"line":176,"column":5}}],"line":170}},"s":{"0":10,"1":34,"2":10,"3":27,"4":27,"5":26,"6":10,"7":6,"8":6,"9":6,"10":6,"11":27,"12":27,"13":27,"14":58,"15":21,"16":21,"17":6,"18":6,"19":6,"20":6,"21":6,"22":35,"23":35,"24":8,"25":27,"26":27,"27":27,"28":27,"29":58,"30":29,"31":6,"32":3,"33":3,"34":18,"35":18,"36":18,"37":42,"38":15,"39":3,"40":3,"41":10,"42":10,"43":10,"44":10,"45":10,"46":41,"47":41,"48":10,"49":41,"50":41,"51":115,"52":48,"53":41,"54":2,"55":39,"56":39,"57":282,"58":282,"59":50,"60":232,"61":7,"62":282,"63":225,"64":57,"65":57,"66":50,"67":50,"68":10,"69":3,"70":3,"71":3,"72":7,"73":7,"74":2,"75":5,"76":1,"77":10,"78":10,"79":10,"80":50,"81":50,"82":186,"83":62,"84":186,"85":35,"86":35,"87":35,"88":1,"89":34,"90":1,"91":1,"92":33,"93":33,"94":34,"95":6,"96":6,"97":39,"98":1},"f":{"0":10,"1":34,"2":27,"3":6,"4":6,"5":3,"6":18,"7":10,"8":41,"9":3,"10":10,"11":50,"12":186,"13":35,"14":6,"15":6,"16":39},"b":{"0":[9],"1":[26,1],"2":[27,0],"3":[21,37],"4":[8,27],"5":[27,0],"6":[29,29],"7":[18,0],"8":[15,27],"9":[10,31],"10":[48,67],"11":[115,74],"12":[2,39],"13":[41,41],"14":[50,232],"15":[282,57],"16":[7,225],"17":[232,57],"18":[225,57],"19":[50,7],"20":[2,5],"21":[62,124],"22":[1,34],"23":[1,33]},"_coverageSchema":"1a1c01bbd47fc00a2c39e90264f33305004495a9","hash":"cd5b63b857191085fcc80383363f3befa34e51a7"}
,"C:\\Users\\ASUS\\Desktop\\DSA\\src\\greedy.js": {"path":"C:\\Users\\ASUS\\Desktop\\DSA\\src\\greedy.js","statementMap":{"0":{"start":{"line":15,"column":2},"end":{"line":15,"column":92}},"1":{"start":{"line":15,"column":38},"end":{"line":15,"column":92}},"2":{"start":{"line":15,"column":87},"end":{"line":15,"column":88}},"3":{"start":{"line":18,"column":18},"end":{"line":18,"column":96}},"4":{"start":{"line":18,"column":42},"end":{"line":18,"column":94}},"5":{"start":{"line":19,"column":2},"end":{"line":19,"column":44}},"6":{"start":{"line":19,"column":25},"end":{"line":19,"column":42}},"7":{"start":{"line":21,"column":20},"end":{"line":21,"column":47}},"8":{"start":{"line":22,"column":18},"end":{"line":22,"column":26}},"9":{"start":{"line":23,"column":17},"end":{"line":23,"column":18}},"10":{"start":{"line":25,"column":2},"end":{"line":31,"column":3}},"11":{"start":{"line":26,"column":4},"end":{"line":26,"column":30}},"12":{"start":{"line":26,"column":24},"end":{"line":26,"column":30}},"13":{"start":{"line":27,"column":17},"end":{"line":27,"column":49}},"14":{"start":{"line":28,"column":4},"end":{"line":28,"column":45}},"15":{"start":{"line":29,"column":4},"end":{"line":29,"column":34}},"16":{"start":{"line":30,"column":4},"end":{"line":30,"column":22}},"17":{"start":{"line":33,"column":2},"end":{"line":33,"column":33}},"18":{"start":{"line":43,"column":2},"end":{"line":43,"column":34}},"19":{"start":{"line":43,"column":25},"end":{"line":43,"column":34}},"20":{"start":{"line":45,"column":15},"end":{"line":45,"column":47}},"21":{"start":{"line":45,"column":41},"end":{"line":45,"column":46}},"22":{"start":{"line":48,"column":4},"end":{"line":48,"column":19}},"23":{"start":{"line":49,"column":4},"end":{"line":49,"column":31}},"24":{"start":{"line":49,"column":24},"end":{"line":49,"column":29}},"25":{"start":{"line":53,"column":4},"end":{"line":53,"column":24}},"26":{"start":{"line":56,"column":18},"end":{"line":56,"column":19}},"27":{"start":{"line":57,"column":2},"end":{"line":63,"column":3}},"28":{"start":{"line":58,"column":14},"end":{"line":58,"column":23}},"29":{"start":{"line":59,"column":14},"end":{"line":59,"column":23}},"30":{"start":{"line":60,"column":17},"end":{"line":60,"column":22}},"31":{"start":{"line":61,"column":4},"end":{"line":61,"column":22}},"32":{"start":{"line":62,"column":4},"end":{"line":62,"column":19}},"33":{"start":{"line":65,"column":2},"end":{"line":65,"column":19}},"34":{"start":{"line":68,"column":0},"end":{"line":71,"column":2}}},"fnMap":{"0":{"name":"fractionalKnapsack","decl":{"start":{"line":14,"column":9},"end":{"line":14,"column":27}},"loc":{"start":{"line":14,"column":45},"end":{"line":34,"column":1}},"line":14},"1":{"name":"(anonymous_1)","decl":{"start":{"line":15,"column":81},"end":{"line":15,"column":82}},"loc":{"start":{"line":15,"column":87},"end":{"line":15,"column":88}},"line":15},"2":{"name":"(anonymous_2)","decl":{"start":{"line":18,"column":28},"end":{"line":18,"column":29}},"loc":{"start":{"line":18,"column":42},"end":{"line":18,"column":94}},"line":18},"3":{"name":"(anonymous_3)","decl":{"start":{"line":19,"column":15},"end":{"line":19,"column":16}},"loc":{"start":{"line":19,"column":25},"end":{"line":19,"column":42}},"line":19},"4":{"name":"optimalMergePattern","decl":{"start":{"line":42,"column":9},"end":{"line":42,"column":28}},"loc":{"start":{"line":42,"column":36},"end":{"line":66,"column":1}},"line":42},"5":{"name":"(anonymous_5)","decl":{"start":{"line":45,"column":31},"end":{"line":45,"column":32}},"loc":{"start":{"line":45,"column":41},"end":{"line":45,"column":46}},"line":45},"6":{"name":"heapPush","decl":{"start":{"line":47,"column":11},"end":{"line":47,"column":19}},"loc":{"start":{"line":47,"column":25},"end":{"line":50,"column":3}},"line":47},"7":{"name":"(anonymous_7)","decl":{"start":{"line":49,"column":14},"end":{"line":49,"column":15}},"loc":{"start":{"line":49,"column":24},"end":{"line":49,"column":29}},"line":49},"8":{"name":"heapPop","decl":{"start":{"line":52,"column":11},"end":{"line":52,"column":18}},"loc":{"start":{"line":52,"column":21},"end":{"line":54,"column":3}},"line":52}},"branchMap":{"0":{"loc":{"start":{"line":15,"column":2},"end":{"line":15,"column":92}},"type":"if","locations":[{"start":{"line":15,"column":2},"end":{"line":15,"column":92}},{"start":{},"end":{}}],"line":15},"1":{"loc":{"start":{"line":15,"column":6},"end":{"line":15,"column":36}},"type":"binary-expr","locations":[{"start":{"line":15,"column":6},"end":{"line":15,"column":19}},{"start":{"line":15,"column":23},"end":{"line":15,"column":36}}],"line":15},"2":{"loc":{"start":{"line":26,"column":4},"end":{"line":26,"column":30}},"type":"if","locations":[{"start":{"line":26,"column":4},"end":{"line":26,"column":30}},{"start":{},"end":{}}],"line":26},"3":{"loc":{"start":{"line":43,"column":2},"end":{"line":43,"column":34}},"type":"if","locations":[{"start":{"line":43,"column":2},"end":{"line":43,"column":34}},{"start":{},"end":{}}],"line":43}},"s":{"0":9,"1":2,"2":1,"3":7,"4":16,"5":7,"6":11,"7":7,"8":7,"9":7,"10":7,"11":15,"12":2,"13":13,"14":13,"15":13,"16":13,"17":7,"18":7,"19":2,"20":5,"21":16,"22":13,"23":13,"24":17,"25":26,"26":5,"27":5,"28":13,"29":13,"30":13,"31":13,"32":13,"33":5,"34":1},"f":{"0":9,"1":1,"2":16,"3":11,"4":7,"5":16,"6":13,"7":17,"8":26},"b":{"0":[2,7],"1":[9,8],"2":[2,13],"3":[2,5]},"_coverageSchema":"1a1c01bbd47fc00a2c39e90264f33305004495a9","hash":"df88f1370eeab155811016ccad131a2a52c60ff7"}
,"C:\\Users\\ASUS\\Desktop\\DSA\\src\\hashing.js": {"path":"C:\\Users\\ASUS\\Desktop\\DSA\\src\\hashing.js","statementMap":{"0":{"start":{"line":13,"column":2},"end":{"line":13,"column":53}},"1":{"start":{"line":26,"column":4},"end":{"line":26,"column":21}},"2":{"start":{"line":27,"column":4},"end":{"line":27,"column":56}},"3":{"start":{"line":27,"column":52},"end":{"line":27,"column":54}},"4":{"start":{"line":31,"column":4},"end":{"line":31,"column":35}},"5":{"start":{"line":35,"column":16},"end":{"line":35,"column":31}},"6":{"start":{"line":36,"column":4},"end":{"line":36,"column":66}},"7":{"start":{"line":36,"column":40},"end":{"line":36,"column":66}},"8":{"start":{"line":40,"column":16},"end":{"line":40,"column":31}},"9":{"start":{"line":41,"column":4},"end":{"line":41,"column":41}},"10":{"start":{"line":45,"column":16},"end":{"line":45,"column":31}},"11":{"start":{"line":46,"column":18},"end":{"line":46,"column":33}},"12":{"start":{"line":47,"column":16},"end":{"line":47,"column":34}},"13":{"start":{"line":48,"column":4},"end":{"line":48,"column":58}},"14":{"start":{"line":48,"column":22},"end":{"line":48,"column":43}},"15":{"start":{"line":48,"column":44},"end":{"line":48,"column":56}},"16":{"start":{"line":49,"column":4},"end":{"line":49,"column":17}},"17":{"start":{"line":54,"column":4},"end":{"line":54,"column":33}},"18":{"start":{"line":62,"column":16},"end":{"line":62,"column":33}},"19":{"start":{"line":70,"column":4},"end":{"line":70,"column":21}},"20":{"start":{"line":71,"column":4},"end":{"line":71,"column":40}},"21":{"start":{"line":75,"column":4},"end":{"line":75,"column":35}},"22":{"start":{"line":79,"column":14},"end":{"line":79,"column":29}},"23":{"start":{"line":80,"column":4},"end":{"line":87,"column":5}},"24":{"start":{"line":80,"column":17},"end":{"line":80,"column":18}},"25":{"start":{"line":81,"column":19},"end":{"line":81,"column":40}},"26":{"start":{"line":82,"column":6},"end":{"line":85,"column":7}},"27":{"start":{"line":83,"column":8},"end":{"line":83,"column":31}},"28":{"start":{"line":84,"column":8},"end":{"line":84,"column":20}},"29":{"start":{"line":86,"column":6},"end":{"line":86,"column":49}},"30":{"start":{"line":86,"column":36},"end":{"line":86,"column":49}},"31":{"start":{"line":88,"column":4},"end":{"line":88,"column":17}},"32":{"start":{"line":92,"column":14},"end":{"line":92,"column":29}},"33":{"start":{"line":93,"column":4},"end":{"line":97,"column":5}},"34":{"start":{"line":93,"column":17},"end":{"line":93,"column":18}},"35":{"start":{"line":94,"column":19},"end":{"line":94,"column":40}},"36":{"start":{"line":95,"column":6},"end":{"line":95,"column":47}},"37":{"start":{"line":95,"column":37},"end":{"line":95,"column":47}},"38":{"start":{"line":96,"column":6},"end":{"line":96,"column":48}},"39":{"start":{"line":96,"column":36},"end":{"line":96,"column":48}},"40":{"start":{"line":98,"column":4},"end":{"line":98,"column":14}},"41":{"start":{"line":102,"column":14},"end":{"line":102,"column":29}},"42":{"start":{"line":103,"column":4},"end":{"line":110,"column":5}},"43":{"start":{"line":103,"column":17},"end":{"line":103,"column":18}},"44":{"start":{"line":104,"column":19},"end":{"line":104,"column":40}},"45":{"start":{"line":105,"column":6},"end":{"line":105,"column":50}},"46":{"start":{"line":105,"column":37},"end":{"line":105,"column":50}},"47":{"start":{"line":106,"column":6},"end":{"line":109,"column":7}},"48":{"start":{"line":107,"column":8},"end":{"line":107,"column":35}},"49":{"start":{"line":108,"column":8},"end":{"line":108,"column":20}},"50":{"start":{"line":111,"column":4},"end":{"line":111,"column":17}},"51":{"start":{"line":115,"column":14},"end":{"line":115,"column":30}},"52":{"start":{"line":116,"column":4},"end":{"line":116,"column":61}},"53":{"start":{"line":130,"column":4},"end":{"line":130,"column":21}},"54":{"start":{"line":131,"column":4},"end":{"line":131,"column":40}},"55":{"start":{"line":135,"column":4},"end":{"line":135,"column":35}},"56":{"start":{"line":139,"column":14},"end":{"line":139,"column":29}},"57":{"start":{"line":140,"column":4},"end":{"line":147,"column":5}},"58":{"start":{"line":140,"column":17},"end":{"line":140,"column":18}},"59":{"start":{"line":141,"column":19},"end":{"line":141,"column":42}},"60":{"start":{"line":142,"column":6},"end":{"line":145,"column":7}},"61":{"start":{"line":143,"column":8},"end":{"line":143,"column":31}},"62":{"start":{"line":144,"column":8},"end":{"line":144,"column":20}},"63":{"start":{"line":146,"column":6},"end":{"line":146,"column":49}},"64":{"start":{"line":146,"column":36},"end":{"line":146,"column":49}},"65":{"start":{"line":148,"column":4},"end":{"line":148,"column":17}},"66":{"start":{"line":152,"column":14},"end":{"line":152,"column":29}},"67":{"start":{"line":153,"column":4},"end":{"line":157,"column":5}},"68":{"start":{"line":153,"column":17},"end":{"line":153,"column":18}},"69":{"start":{"line":154,"column":19},"end":{"line":154,"column":42}},"70":{"start":{"line":155,"column":6},"end":{"line":155,"column":47}},"71":{"start":{"line":155,"column":37},"end":{"line":155,"column":47}},"72":{"start":{"line":156,"column":6},"end":{"line":156,"column":48}},"73":{"start":{"line":156,"column":36},"end":{"line":156,"column":48}},"74":{"start":{"line":158,"column":4},"end":{"line":158,"column":14}},"75":{"start":{"line":162,"column":14},"end":{"line":162,"column":29}},"76":{"start":{"line":163,"column":4},"end":{"line":170,"column":5}},"77":{"start":{"line":163,"column":17},"end":{"line":163,"column":18}},"78":{"start":{"line":164,"column":19},"end":{"line":164,"column":42}},"79":{"start":{"line":165,"column":6},"end":{"line":165,"column":50}},"80":{"start":{"line":165,"column":37},"end":{"line":165,"column":50}},"81":{"start":{"line":166,"column":6},"end":{"line":169,"column":7}},"82":{"start":{"line":167,"column":8},"end":{"line":167,"column":35}},"83":{"start":{"line":168,"column":8},"end":{"line":168,"column":20}},"84":{"start":{"line":171,"column":4},"end":{"line":171,"column":17}},"85":{"start":{"line":187,"column":4},"end":{"line":187,"column":21}},"86":{"start":{"line":188,"column":4},"end":{"line":188,"column":40}},"87":{"start":{"line":192,"column":4},"end":{"line":192,"column":35}},"88":{"start":{"line":196,"column":4},"end":{"line":196,"column":39}},"89":{"start":{"line":200,"column":15},"end":{"line":200,"column":28}},"90":{"start":{"line":201,"column":15},"end":{"line":201,"column":28}},"91":{"start":{"line":202,"column":4},"end":{"line":209,"column":5}},"92":{"start":{"line":202,"column":17},"end":{"line":202,"column":18}},"93":{"start":{"line":203,"column":19},"end":{"line":203,"column":44}},"94":{"start":{"line":204,"column":6},"end":{"line":207,"column":7}},"95":{"start":{"line":205,"column":8},"end":{"line":205,"column":31}},"96":{"start":{"line":206,"column":8},"end":{"line":206,"column":20}},"97":{"start":{"line":208,"column":6},"end":{"line":208,"column":49}},"98":{"start":{"line":208,"column":36},"end":{"line":208,"column":49}},"99":{"start":{"line":210,"column":4},"end":{"line":210,"column":17}},"100":{"start":{"line":214,"column":15},"end":{"line":214,"column":28}},"101":{"start":{"line":215,"column":15},"end":{"line":215,"column":28}},"102":{"start":{"line":216,"column":4},"end":{"line":220,"column":5}},"103":{"start":{"line":216,"column":17},"end":{"line":216,"column":18}},"104":{"start":{"line":217,"column":19},"end":{"line":217,"column":44}},"105":{"start":{"line":218,"column":6},"end":{"line":218,"column":47}},"106":{"start":{"line":218,"column":37},"end":{"line":218,"column":47}},"107":{"start":{"line":219,"column":6},"end":{"line":219,"column":48}},"108":{"start":{"line":219,"column":36},"end":{"line":219,"column":48}},"109":{"start":{"line":221,"column":4},"end":{"line":221,"column":14}},"110":{"start":{"line":225,"column":15},"end":{"line":225,"column":28}},"111":{"start":{"line":226,"column":15},"end":{"line":226,"column":28}},"112":{"start":{"line":227,"column":4},"end":{"line":234,"column":5}},"113":{"start":{"line":227,"column":17},"end":{"line":227,"column":18}},"114":{"start":{"line":228,"column":19},"end":{"line":228,"column":44}},"115":{"start":{"line":229,"column":6},"end":{"line":229,"column":50}},"116":{"start":{"line":229,"column":37},"end":{"line":229,"column":50}},"117":{"start":{"line":230,"column":6},"end":{"line":233,"column":7}},"118":{"start":{"line":231,"column":8},"end":{"line":231,"column":35}},"119":{"start":{"line":232,"column":8},"end":{"line":232,"column":20}},"120":{"start":{"line":235,"column":4},"end":{"line":235,"column":17}},"121":{"start":{"line":239,"column":0},"end":{"line":245,"column":2}}},"fnMap":{"0":{"name":"hashMod","decl":{"start":{"line":12,"column":9},"end":{"line":12,"column":16}},"loc":{"start":{"line":12,"column":33},"end":{"line":14,"column":1}},"line":12},"1":{"name":"(anonymous_1)","decl":{"start":{"line":25,"column":2},"end":{"line":25,"column":3}},"loc":{"start":{"line":25,"column":24},"end":{"line":28,"column":3}},"line":25},"2":{"name":"(anonymous_2)","decl":{"start":{"line":27,"column":46},"end":{"line":27,"column":47}},"loc":{"start":{"line":27,"column":52},"end":{"line":27,"column":54}},"line":27},"3":{"name":"(anonymous_3)","decl":{"start":{"line":30,"column":2},"end":{"line":30,"column":3}},"loc":{"start":{"line":30,"column":13},"end":{"line":32,"column":3}},"line":30},"4":{"name":"(anonymous_4)","decl":{"start":{"line":34,"column":2},"end":{"line":34,"column":3}},"loc":{"start":{"line":34,"column":14},"end":{"line":37,"column":3}},"line":34},"5":{"name":"(anonymous_5)","decl":{"start":{"line":39,"column":2},"end":{"line":39,"column":3}},"loc":{"start":{"line":39,"column":14},"end":{"line":42,"column":3}},"line":39},"6":{"name":"(anonymous_6)","decl":{"start":{"line":44,"column":2},"end":{"line":44,"column":3}},"loc":{"start":{"line":44,"column":14},"end":{"line":50,"column":3}},"line":44},"7":{"name":"(anonymous_7)","decl":{"start":{"line":53,"column":2},"end":{"line":53,"column":3}},"loc":{"start":{"line":53,"column":17},"end":{"line":55,"column":3}},"line":53},"8":{"name":"(anonymous_8)","decl":{"start":{"line":69,"column":2},"end":{"line":69,"column":3}},"loc":{"start":{"line":69,"column":24},"end":{"line":72,"column":3}},"line":69},"9":{"name":"(anonymous_9)","decl":{"start":{"line":74,"column":2},"end":{"line":74,"column":3}},"loc":{"start":{"line":74,"column":13},"end":{"line":76,"column":3}},"line":74},"10":{"name":"(anonymous_10)","decl":{"start":{"line":78,"column":2},"end":{"line":78,"column":3}},"loc":{"start":{"line":78,"column":14},"end":{"line":89,"column":3}},"line":78},"11":{"name":"(anonymous_11)","decl":{"start":{"line":91,"column":2},"end":{"line":91,"column":3}},"loc":{"start":{"line":91,"column":14},"end":{"line":99,"column":3}},"line":91},"12":{"name":"(anonymous_12)","decl":{"start":{"line":101,"column":2},"end":{"line":101,"column":3}},"loc":{"start":{"line":101,"column":14},"end":{"line":112,"column":3}},"line":101},"13":{"name":"(anonymous_13)","decl":{"start":{"line":114,"column":2},"end":{"line":114,"column":3}},"loc":{"start":{"line":114,"column":16},"end":{"line":117,"column":3}},"line":114},"14":{"name":"(anonymous_14)","decl":{"start":{"line":129,"column":2},"end":{"line":129,"column":3}},"loc":{"start":{"line":129,"column":24},"end":{"line":132,"column":3}},"line":129},"15":{"name":"(anonymous_15)","decl":{"start":{"line":134,"column":2},"end":{"line":134,"column":3}},"loc":{"start":{"line":134,"column":13},"end":{"line":136,"column":3}},"line":134},"16":{"name":"(anonymous_16)","decl":{"start":{"line":138,"column":2},"end":{"line":138,"column":3}},"loc":{"start":{"line":138,"column":14},"end":{"line":149,"column":3}},"line":138},"17":{"name":"(anonymous_17)","decl":{"start":{"line":151,"column":2},"end":{"line":151,"column":3}},"loc":{"start":{"line":151,"column":14},"end":{"line":159,"column":3}},"line":151},"18":{"name":"(anonymous_18)","decl":{"start":{"line":161,"column":2},"end":{"line":161,"column":3}},"loc":{"start":{"line":161,"column":14},"end":{"line":172,"column":3}},"line":161},"19":{"name":"(anonymous_19)","decl":{"start":{"line":186,"column":2},"end":{"line":186,"column":3}},"loc":{"start":{"line":186,"column":24},"end":{"line":189,"column":3}},"line":186},"20":{"name":"(anonymous_20)","decl":{"start":{"line":191,"column":2},"end":{"line":191,"column":3}},"loc":{"start":{"line":191,"column":11},"end":{"line":193,"column":3}},"line":191},"21":{"name":"(anonymous_21)","decl":{"start":{"line":195,"column":2},"end":{"line":195,"column":3}},"loc":{"start":{"line":195,"column":11},"end":{"line":197,"column":3}},"line":195},"22":{"name":"(anonymous_22)","decl":{"start":{"line":199,"column":2},"end":{"line":199,"column":3}},"loc":{"start":{"line":199,"column":14},"end":{"line":211,"column":3}},"line":199},"23":{"name":"(anonymous_23)","decl":{"start":{"line":213,"column":2},"end":{"line":213,"column":3}},"loc":{"start":{"line":213,"column":14},"end":{"line":222,"column":3}},"line":213},"24":{"name":"(anonymous_24)","decl":{"start":{"line":224,"column":2},"end":{"line":224,"column":3}},"loc":{"start":{"line":224,"column":14},"end":{"line":236,"column":3}},"line":224}},"branchMap":{"0":{"loc":{"start":{"line":25,"column":14},"end":{"line":25,"column":22}},"type":"default-arg","locations":[{"start":{"line":25,"column":21},"end":{"line":25,"column":22}}],"line":25},"1":{"loc":{"start":{"line":36,"column":4},"end":{"line":36,"column":66}},"type":"if","locations":[{"start":{"line":36,"column":4},"end":{"line":36,"column":66}},{"start":{},"end":{}}],"line":36},"2":{"loc":{"start":{"line":48,"column":4},"end":{"line":48,"column":58}},"type":"if","locations":[{"start":{"line":48,"column":4},"end":{"line":48,"column":58}},{"start":{},"end":{}}],"line":48},"3":{"loc":{"start":{"line":69,"column":14},"end":{"line":69,"column":22}},"type":"default-arg","locations":[{"start":{"line":69,"column":21},"end":{"line":69,"column":22}}],"line":69},"4":{"loc":{"start":{"line":82,"column":6},"end":{"line":85,"column":7}},"type":"if","locations":[{"start":{"line":82,"column":6},"end":{"line":85,"column":7}},{"start":{},"end":{}}],"line":82},"5":{"loc":{"start":{"line":82,"column":10},"end":{"line":82,"column":67}},"type":"binary-expr","locations":[{"start":{"line":82,"column":10},"end":{"line":82,"column":35}},{"start":{"line":82,"column":39},"end":{"line":82,"column":67}}],"line":82},"6":{"loc":{"start":{"line":86,"column":6},"end":{"line":86,"column":49}},"type":"if","locations":[{"start":{"line":86,"column":6},"end":{"line":86,"column":49}},{"start":{},"end":{}}],"line":86},"7":{"loc":{"start":{"line":95,"column":6},"end":{"line":95,"column":47}},"type":"if","locations":[{"start":{"line":95,"column":6},"end":{"line":95,"column":47}},{"start":{},"end":{}}],"line":95},"8":{"loc":{"start":{"line":96,"column":6},"end":{"line":96,"column":48}},"type":"if","locations":[{"start":{"line":96,"column":6},"end":{"line":96,"column":48}},{"start":{},"end":{}}],"line":96},"9":{"loc":{"start":{"line":105,"column":6},"end":{"line":105,"column":50}},"type":"if","locations":[{"start":{"line":105,"column":6},"end":{"line":105,"column":50}},{"start":{},"end":{}}],"line":105},"10":{"loc":{"start":{"line":106,"column":6},"end":{"line":109,"column":7}},"type":"if","locations":[{"start":{"line":106,"column":6},"end":{"line":109,"column":7}},{"start":{},"end":{}}],"line":106},"11":{"loc":{"start":{"line":116,"column":11},"end":{"line":116,"column":60}},"type":"cond-expr","locations":[{"start":{"line":116,"column":24},"end":{"line":116,"column":28}},{"start":{"line":116,"column":31},"end":{"line":116,"column":60}}],"line":116},"12":{"loc":{"start":{"line":116,"column":31},"end":{"line":116,"column":60}},"type":"cond-expr","locations":[{"start":{"line":116,"column":47},"end":{"line":116,"column":56}},{"start":{"line":116,"column":59},"end":{"line":116,"column":60}}],"line":116},"13":{"loc":{"start":{"line":129,"column":14},"end":{"line":129,"column":22}},"type":"default-arg","locations":[{"start":{"line":129,"column":21},"end":{"line":129,"column":22}}],"line":129},"14":{"loc":{"start":{"line":142,"column":6},"end":{"line":145,"column":7}},"type":"if","locations":[{"start":{"line":142,"column":6},"end":{"line":145,"column":7}},{"start":{},"end":{}}],"line":142},"15":{"loc":{"start":{"line":142,"column":10},"end":{"line":142,"column":67}},"type":"binary-expr","locations":[{"start":{"line":142,"column":10},"end":{"line":142,"column":35}},{"start":{"line":142,"column":39},"end":{"line":142,"column":67}}],"line":142},"16":{"loc":{"start":{"line":146,"column":6},"end":{"line":146,"column":49}},"type":"if","locations":[{"start":{"line":146,"column":6},"end":{"line":146,"column":49}},{"start":{},"end":{}}],"line":146},"17":{"loc":{"start":{"line":155,"column":6},"end":{"line":155,"column":47}},"type":"if","locations":[{"start":{"line":155,"column":6},"end":{"line":155,"column":47}},{"start":{},"end":{}}],"line":155},"18":{"loc":{"start":{"line":156,"column":6},"end":{"line":156,"column":48}},"type":"if","locations":[{"start":{"line":156,"column":6},"end":{"line":156,"column":48}},{"start":{},"end":{}}],"line":156},"19":{"loc":{"start":{"line":165,"column":6},"end":{"line":165,"column":50}},"type":"if","locations":[{"start":{"line":165,"column":6},"end":{"line":165,"column":50}},{"start":{},"end":{}}],"line":165},"20":{"loc":{"start":{"line":166,"column":6},"end":{"line":169,"column":7}},"type":"if","locations":[{"start":{"line":166,"column":6},"end":{"line":169,"column":7}},{"start":{},"end":{}}],"line":166},"21":{"loc":{"start":{"line":186,"column":14},"end":{"line":186,"column":22}},"type":"default-arg","locations":[{"start":{"line":186,"column":21},"end":{"line":186,"column":22}}],"line":186},"22":{"loc":{"start":{"line":204,"column":6},"end":{"line":207,"column":7}},"type":"if","locations":[{"start":{"line":204,"column":6},"end":{"line":207,"column":7}},{"start":{},"end":{}}],"line":204},"23":{"loc":{"start":{"line":204,"column":10},"end":{"line":204,"column":67}},"type":"binary-expr","locations":[{"start":{"line":204,"column":10},"end":{"line":204,"column":35}},{"start":{"line":204,"column":39},"end":{"line":204,"column":67}}],"line":204},"24":{"loc":{"start":{"line":208,"column":6},"end":{"line":208,"column":49}},"type":"if","locations":[{"start":{"line":208,"column":6},"end":{"line":208,"column":49}},{"start":{},"end":{}}],"line":208},"25":{"loc":{"start":{"line":218,"column":6},"end":{"line":218,"column":47}},"type":"if","locations":[{"start":{"line":218,"column":6},"end":{"line":218,"column":47}},{"start":{},"end":{}}],"line":218},"26":{"loc":{"start":{"line":219,"column":6},"end":{"line":219,"column":48}},"type":"if","locations":[{"start":{"line":219,"column":6},"end":{"line":219,"column":48}},{"start":{},"end":{}}],"line":219},"27":{"loc":{"start":{"line":229,"column":6},"end":{"line":229,"column":50}},"type":"if","locations":[{"start":{"line":229,"column":6},"end":{"line":229,"column":50}},{"start":{},"end":{}}],"line":229},"28":{"loc":{"start":{"line":230,"column":6},"end":{"line":233,"column":7}},"type":"if","locations":[{"start":{"line":230,"column":6},"end":{"line":233,"column":7}},{"start":{},"end":{}}],"line":230}},"s":{"0":248,"1":10,"2":10,"3":70,"4":30,"5":15,"6":15,"7":14,"8":12,"9":12,"10":3,"11":3,"12":3,"13":3,"14":2,"15":2,"16":1,"17":5,"18":1,"19":14,"20":14,"21":65,"22":40,"23":40,"24":40,"25":62,"26":62,"27":39,"28":39,"29":23,"30":0,"31":1,"32":20,"33":20,"34":20,"35":43,"36":43,"37":2,"38":41,"39":17,"40":1,"41":5,"42":5,"43":5,"44":11,"45":11,"46":1,"47":10,"48":3,"49":3,"50":1,"51":2,"52":2,"53":10,"54":10,"55":49,"56":32,"57":32,"58":32,"59":45,"60":45,"61":31,"62":31,"63":14,"64":0,"65":1,"66":14,"67":14,"68":14,"69":28,"70":28,"71":2,"72":26,"73":11,"74":1,"75":3,"76":3,"77":3,"78":9,"79":9,"80":1,"81":8,"82":1,"83":1,"84":1,"85":11,"86":11,"87":51,"88":71,"89":32,"90":32,"91":32,"92":32,"93":43,"94":43,"95":31,"96":31,"97":12,"98":0,"99":1,"100":16,"101":16,"102":16,"103":16,"104":29,"105":29,"106":2,"107":27,"108":13,"109":1,"110":3,"111":3,"112":3,"113":3,"114":9,"115":9,"116":1,"117":8,"118":1,"119":1,"120":1,"121":1},"f":{"0":248,"1":10,"2":70,"3":30,"4":15,"5":12,"6":3,"7":5,"8":14,"9":65,"10":40,"11":20,"12":5,"13":2,"14":10,"15":49,"16":32,"17":14,"18":3,"19":11,"20":51,"21":71,"22":32,"23":16,"24":3},"b":{"0":[0],"1":[14,1],"2":[2,1],"3":[0],"4":[39,23],"5":[62,23],"6":[0,23],"7":[2,41],"8":[17,24],"9":[1,10],"10":[3,7],"11":[1,1],"12":[1,0],"13":[0],"14":[31,14],"15":[45,14],"16":[0,14],"17":[2,26],"18":[11,15],"19":[1,8],"20":[1,7],"21":[0],"22":[31,12],"23":[43,12],"24":[0,12],"25":[2,27],"26":[13,14],"27":[1,8],"28":[1,7]},"_coverageSchema":"1a1c01bbd47fc00a2c39e90264f33305004495a9","hash":"067a19201367cd663f13e2a10328c9986cb3eeb3"}
,"C:\\Users\\ASUS\\Desktop\\DSA\\src\\sorting.js": {"path":"C:\\Users\\ASUS\\Desktop\\DSA\\src\\sorting.js","statementMap":{"0":{"start":{"line":10,"column":12},"end":{"line":10,"column":20}},"1":{"start":{"line":11,"column":12},"end":{"line":11,"column":20}},"2":{"start":{"line":12,"column":2},"end":{"line":21,"column":3}},"3":{"start":{"line":12,"column":15},"end":{"line":12,"column":16}},"4":{"start":{"line":13,"column":18},"end":{"line":13,"column":23}},"5":{"start":{"line":14,"column":4},"end":{"line":19,"column":5}},"6":{"start":{"line":14,"column":17},"end":{"line":14,"column":18}},"7":{"start":{"line":15,"column":6},"end":{"line":18,"column":7}},"8":{"start":{"line":16,"column":8},"end":{"line":16,"column":44}},"9":{"start":{"line":17,"column":8},"end":{"line":17,"column":23}},"10":{"start":{"line":20,"column":4},"end":{"line":20,"column":24}},"11":{"start":{"line":20,"column":18},"end":{"line":20,"column":24}},"12":{"start":{"line":22,"column":2},"end":{"line":22,"column":11}},"13":{"start":{"line":27,"column":12},"end":{"line":27,"column":20}},"14":{"start":{"line":28,"column":12},"end":{"line":28,"column":20}},"15":{"start":{"line":29,"column":2},"end":{"line":35,"column":3}},"16":{"start":{"line":29,"column":15},"end":{"line":29,"column":16}},"17":{"start":{"line":30,"column":17},"end":{"line":30,"column":18}},"18":{"start":{"line":31,"column":4},"end":{"line":33,"column":5}},"19":{"start":{"line":31,"column":17},"end":{"line":31,"column":22}},"20":{"start":{"line":32,"column":6},"end":{"line":32,"column":39}},"21":{"start":{"line":32,"column":28},"end":{"line":32,"column":39}},"22":{"start":{"line":34,"column":4},"end":{"line":34,"column":60}},"23":{"start":{"line":34,"column":22},"end":{"line":34,"column":60}},"24":{"start":{"line":36,"column":2},"end":{"line":36,"column":11}},"25":{"start":{"line":41,"column":12},"end":{"line":41,"column":20}},"26":{"start":{"line":42,"column":12},"end":{"line":42,"column":20}},"27":{"start":{"line":43,"column":2},"end":{"line":51,"column":3}},"28":{"start":{"line":43,"column":15},"end":{"line":43,"column":16}},"29":{"start":{"line":44,"column":16},"end":{"line":44,"column":20}},"30":{"start":{"line":45,"column":12},"end":{"line":45,"column":17}},"31":{"start":{"line":46,"column":4},"end":{"line":49,"column":5}},"32":{"start":{"line":47,"column":6},"end":{"line":47,"column":22}},"33":{"start":{"line":48,"column":6},"end":{"line":48,"column":10}},"34":{"start":{"line":50,"column":4},"end":{"line":50,"column":19}},"35":{"start":{"line":52,"column":2},"end":{"line":52,"column":11}},"36":{"start":{"line":57,"column":12},"end":{"line":57,"column":20}},"37":{"start":{"line":58,"column":2},"end":{"line":58,"column":30}},"38":{"start":{"line":58,"column":21},"end":{"line":58,"column":30}},"39":{"start":{"line":61,"column":19},"end":{"line":61,"column":21}},"40":{"start":{"line":62,"column":12},"end":{"line":62,"column":13}},"41":{"start":{"line":62,"column":19},"end":{"line":62,"column":20}},"42":{"start":{"line":63,"column":4},"end":{"line":66,"column":5}},"43":{"start":{"line":64,"column":6},"end":{"line":65,"column":35}},"44":{"start":{"line":64,"column":31},"end":{"line":64,"column":54}},"45":{"start":{"line":65,"column":11},"end":{"line":65,"column":35}},"46":{"start":{"line":67,"column":4},"end":{"line":67,"column":63}},"47":{"start":{"line":71,"column":4},"end":{"line":71,"column":36}},"48":{"start":{"line":71,"column":25},"end":{"line":71,"column":36}},"49":{"start":{"line":72,"column":16},"end":{"line":72,"column":42}},"50":{"start":{"line":73,"column":4},"end":{"line":73,"column":64}},"51":{"start":{"line":76,"column":2},"end":{"line":76,"column":17}},"52":{"start":{"line":84,"column":12},"end":{"line":84,"column":20}},"53":{"start":{"line":87,"column":18},"end":{"line":87,"column":25}},"54":{"start":{"line":88,"column":12},"end":{"line":88,"column":19}},"55":{"start":{"line":89,"column":4},"end":{"line":94,"column":5}},"56":{"start":{"line":89,"column":17},"end":{"line":89,"column":20}},"57":{"start":{"line":90,"column":6},"end":{"line":93,"column":7}},"58":{"start":{"line":91,"column":8},"end":{"line":91,"column":12}},"59":{"start":{"line":92,"column":8},"end":{"line":92,"column":36}},"60":{"start":{"line":95,"column":4},"end":{"line":95,"column":46}},"61":{"start":{"line":96,"column":4},"end":{"line":96,"column":17}},"62":{"start":{"line":100,"column":4},"end":{"line":104,"column":5}},"63":{"start":{"line":101,"column":17},"end":{"line":101,"column":40}},"64":{"start":{"line":102,"column":6},"end":{"line":102,"column":27}},"65":{"start":{"line":103,"column":6},"end":{"line":103,"column":28}},"66":{"start":{"line":107,"column":2},"end":{"line":107,"column":27}},"67":{"start":{"line":108,"column":2},"end":{"line":108,"column":11}},"68":{"start":{"line":116,"column":2},"end":{"line":116,"column":29}},"69":{"start":{"line":116,"column":19},"end":{"line":116,"column":29}},"70":{"start":{"line":117,"column":12},"end":{"line":117,"column":20}},"71":{"start":{"line":118,"column":14},"end":{"line":118,"column":28}},"72":{"start":{"line":119,"column":16},"end":{"line":119,"column":38}},"73":{"start":{"line":120,"column":2},"end":{"line":120,"column":29}},"74":{"start":{"line":120,"column":17},"end":{"line":120,"column":27}},"75":{"start":{"line":121,"column":2},"end":{"line":121,"column":58}},"76":{"start":{"line":121,"column":15},"end":{"line":121,"column":16}},"77":{"start":{"line":121,"column":33},"end":{"line":121,"column":58}},"78":{"start":{"line":122,"column":17},"end":{"line":122,"column":32}},"79":{"start":{"line":123,"column":2},"end":{"line":126,"column":3}},"80":{"start":{"line":123,"column":15},"end":{"line":123,"column":27}},"81":{"start":{"line":124,"column":4},"end":{"line":124,"column":35}},"82":{"start":{"line":125,"column":4},"end":{"line":125,"column":18}},"83":{"start":{"line":127,"column":2},"end":{"line":127,"column":16}},"84":{"start":{"line":135,"column":2},"end":{"line":135,"column":29}},"85":{"start":{"line":135,"column":19},"end":{"line":135,"column":29}},"86":{"start":{"line":136,"column":12},"end":{"line":136,"column":20}},"87":{"start":{"line":137,"column":14},"end":{"line":137,"column":28}},"88":{"start":{"line":140,"column":19},"end":{"line":140,"column":42}},"89":{"start":{"line":141,"column":18},"end":{"line":141,"column":35}},"90":{"start":{"line":142,"column":4},"end":{"line":142,"column":54}},"91":{"start":{"line":142,"column":19},"end":{"line":142,"column":52}},"92":{"start":{"line":143,"column":4},"end":{"line":143,"column":58}},"93":{"start":{"line":143,"column":17},"end":{"line":143,"column":18}},"94":{"start":{"line":143,"column":33},"end":{"line":143,"column":58}},"95":{"start":{"line":144,"column":4},"end":{"line":148,"column":5}},"96":{"start":{"line":144,"column":17},"end":{"line":144,"column":29}},"97":{"start":{"line":145,"column":20},"end":{"line":145,"column":47}},"98":{"start":{"line":146,"column":6},"end":{"line":146,"column":38}},"99":{"start":{"line":147,"column":6},"end":{"line":147,"column":21}},"100":{"start":{"line":149,"column":4},"end":{"line":149,"column":18}},"101":{"start":{"line":152,"column":15},"end":{"line":152,"column":16}},"102":{"start":{"line":153,"column":2},"end":{"line":155,"column":3}},"103":{"start":{"line":153,"column":17},"end":{"line":153,"column":18}},"104":{"start":{"line":154,"column":4},"end":{"line":154,"column":46}},"105":{"start":{"line":156,"column":2},"end":{"line":156,"column":16}},"106":{"start":{"line":163,"column":12},"end":{"line":163,"column":20}},"107":{"start":{"line":164,"column":12},"end":{"line":164,"column":20}},"108":{"start":{"line":165,"column":12},"end":{"line":165,"column":13}},"109":{"start":{"line":166,"column":2},"end":{"line":166,"column":52}},"110":{"start":{"line":166,"column":34},"end":{"line":166,"column":52}},"111":{"start":{"line":167,"column":2},"end":{"line":178,"column":3}},"112":{"start":{"line":168,"column":4},"end":{"line":176,"column":5}},"113":{"start":{"line":168,"column":17},"end":{"line":168,"column":20}},"114":{"start":{"line":169,"column":19},"end":{"line":169,"column":23}},"115":{"start":{"line":170,"column":14},"end":{"line":170,"column":15}},"116":{"start":{"line":171,"column":6},"end":{"line":174,"column":7}},"117":{"start":{"line":172,"column":8},"end":{"line":172,"column":26}},"118":{"start":{"line":173,"column":8},"end":{"line":173,"column":17}},"119":{"start":{"line":175,"column":6},"end":{"line":175,"column":18}},"120":{"start":{"line":177,"column":4},"end":{"line":177,"column":30}},"121":{"start":{"line":179,"column":2},"end":{"line":179,"column":11}},"122":{"start":{"line":187,"column":2},"end":{"line":187,"column":29}},"123":{"start":{"line":187,"column":19},"end":{"line":187,"column":29}},"124":{"start":{"line":188,"column":12},"end":{"line":188,"column":20}},"125":{"start":{"line":189,"column":12},"end":{"line":189,"column":20}},"126":{"start":{"line":190,"column":14},"end":{"line":190,"column":28}},"127":{"start":{"line":191,"column":18},"end":{"line":191,"column":53}},"128":{"start":{"line":191,"column":50},"end":{"line":191,"column":52}},"129":{"start":{"line":193,"column":2},"end":{"line":196,"column":5}},"130":{"start":{"line":194,"column":16},"end":{"line":194,"column":47}},"131":{"start":{"line":195,"column":4},"end":{"line":195,"column":25}},"132":{"start":{"line":198,"column":2},"end":{"line":198,"column":48}},"133":{"start":{"line":198,"column":23},"end":{"line":198,"column":46}},"134":{"start":{"line":198,"column":40},"end":{"line":198,"column":45}},"135":{"start":{"line":199,"column":2},"end":{"line":199,"column":24}},"136":{"start":{"line":202,"column":0},"end":{"line":212,"column":2}}},"fnMap":{"0":{"name":"bubbleSort","decl":{"start":{"line":9,"column":9},"end":{"line":9,"column":19}},"loc":{"start":{"line":9,"column":25},"end":{"line":23,"column":1}},"line":9},"1":{"name":"selectionSort","decl":{"start":{"line":26,"column":9},"end":{"line":26,"column":22}},"loc":{"start":{"line":26,"column":28},"end":{"line":37,"column":1}},"line":26},"2":{"name":"insertionSort","decl":{"start":{"line":40,"column":9},"end":{"line":40,"column":22}},"loc":{"start":{"line":40,"column":28},"end":{"line":53,"column":1}},"line":40},"3":{"name":"mergeSort","decl":{"start":{"line":56,"column":9},"end":{"line":56,"column":18}},"loc":{"start":{"line":56,"column":24},"end":{"line":77,"column":1}},"line":56},"4":{"name":"merge","decl":{"start":{"line":60,"column":11},"end":{"line":60,"column":16}},"loc":{"start":{"line":60,"column":30},"end":{"line":68,"column":3}},"line":60},"5":{"name":"sort","decl":{"start":{"line":70,"column":11},"end":{"line":70,"column":15}},"loc":{"start":{"line":70,"column":21},"end":{"line":74,"column":3}},"line":70},"6":{"name":"quickSort","decl":{"start":{"line":83,"column":9},"end":{"line":83,"column":18}},"loc":{"start":{"line":83,"column":24},"end":{"line":109,"column":1}},"line":83},"7":{"name":"partition","decl":{"start":{"line":86,"column":11},"end":{"line":86,"column":20}},"loc":{"start":{"line":86,"column":35},"end":{"line":97,"column":3}},"line":86},"8":{"name":"sort","decl":{"start":{"line":99,"column":11},"end":{"line":99,"column":15}},"loc":{"start":{"line":99,"column":30},"end":{"line":105,"column":3}},"line":99},"9":{"name":"countingSort","decl":{"start":{"line":115,"column":9},"end":{"line":115,"column":21}},"loc":{"start":{"line":115,"column":27},"end":{"line":128,"column":1}},"line":115},"10":{"name":"(anonymous_10)","decl":{"start":{"line":120,"column":12},"end":{"line":120,"column":13}},"loc":{"start":{"line":120,"column":17},"end":{"line":120,"column":27}},"line":120},"11":{"name":"radixSort","decl":{"start":{"line":134,"column":9},"end":{"line":134,"column":18}},"loc":{"start":{"line":134,"column":24},"end":{"line":157,"column":1}},"line":134},"12":{"name":"countingSortByDigit","decl":{"start":{"line":139,"column":11},"end":{"line":139,"column":30}},"loc":{"start":{"line":139,"column":39},"end":{"line":150,"column":3}},"line":139},"13":{"name":"(anonymous_13)","decl":{"start":{"line":142,"column":14},"end":{"line":142,"column":15}},"loc":{"start":{"line":142,"column":19},"end":{"line":142,"column":52}},"line":142},"14":{"name":"shellSort","decl":{"start":{"line":162,"column":9},"end":{"line":162,"column":18}},"loc":{"start":{"line":162,"column":24},"end":{"line":180,"column":1}},"line":162},"15":{"name":"bucketSort","decl":{"start":{"line":186,"column":9},"end":{"line":186,"column":19}},"loc":{"start":{"line":186,"column":25},"end":{"line":200,"column":1}},"line":186},"16":{"name":"(anonymous_16)","decl":{"start":{"line":191,"column":44},"end":{"line":191,"column":45}},"loc":{"start":{"line":191,"column":50},"end":{"line":191,"column":52}},"line":191},"17":{"name":"(anonymous_17)","decl":{"start":{"line":193,"column":12},"end":{"line":193,"column":13}},"loc":{"start":{"line":193,"column":17},"end":{"line":196,"column":3}},"line":193},"18":{"name":"(anonymous_18)","decl":{"start":{"line":198,"column":18},"end":{"line":198,"column":19}},"loc":{"start":{"line":198,"column":23},"end":{"line":198,"column":46}},"line":198},"19":{"name":"(anonymous_19)","decl":{"start":{"line":198,"column":30},"end":{"line":198,"column":31}},"loc":{"start":{"line":198,"column":40},"end":{"line":198,"column":45}},"line":198}},"branchMap":{"0":{"loc":{"start":{"line":15,"column":6},"end":{"line":18,"column":7}},"type":"if","locations":[{"start":{"line":15,"column":6},"end":{"line":18,"column":7}},{"start":{},"end":{}}],"line":15},"1":{"loc":{"start":{"line":20,"column":4},"end":{"line":20,"column":24}},"type":"if","locations":[{"start":{"line":20,"column":4},"end":{"line":20,"column":24}},{"start":{},"end":{}}],"line":20},"2":{"loc":{"start":{"line":32,"column":6},"end":{"line":32,"column":39}},"type":"if","locations":[{"start":{"line":32,"column":6},"end":{"line":32,"column":39}},{"start":{},"end":{}}],"line":32},"3":{"loc":{"start":{"line":34,"column":4},"end":{"line":34,"column":60}},"type":"if","locations":[{"start":{"line":34,"column":4},"end":{"line":34,"column":60}},{"start":{},"end":{}}],"line":34},"4":{"loc":{"start":{"line":46,"column":11},"end":{"line":46,"column":31}},"type":"binary-expr","locations":[{"start":{"line":46,"column":11},"end":{"line":46,"column":17}},{"start":{"line":46,"column":21},"end":{"line":46,"column":31}}],"line":46},"5":{"loc":{"start":{"line":58,"column":2},"end":{"line":58,"column":30}},"type":"if","locations":[{"start":{"line":58,"column":2},"end":{"line":58,"column":30}},{"start":{},"end":{}}],"line":58},"6":{"loc":{"start":{"line":63,"column":11},"end":{"line":63,"column":46}},"type":"binary-expr","locations":[{"start":{"line":63,"column":11},"end":{"line":63,"column":26}},{"start":{"line":63,"column":30},"end":{"line":63,"column":46}}],"line":63},"7":{"loc":{"start":{"line":64,"column":6},"end":{"line":65,"column":35}},"type":"if","locations":[{"start":{"line":64,"column":6},"end":{"line":65,"column":35}},{"start":{"line":65,"column":11},"end":{"line":65,"column":35}}],"line":64},"8":{"loc":{"start":{"line":71,"column":4},"end":{"line":71,"column":36}},"type":"if","locations":[{"start":{"line":71,"column":4},"end":{"line":71,"column":36}},{"start":{},"end":{}}],"line":71},"9":{"loc":{"start":{"line":90,"column":6},"end":{"line":93,"column":7}},"type":"if","locations":[{"start":{"line":90,"column":6},"end":{"line":93,"column":7}},{"start":{},"end":{}}],"line":90},"10":{"loc":{"start":{"line":100,"column":4},"end":{"line":104,"column":5}},"type":"if","locations":[{"start":{"line":100,"column":4},"end":{"line":104,"column":5}},{"start":{},"end":{}}],"line":100},"11":{"loc":{"start":{"line":116,"column":2},"end":{"line":116,"column":29}},"type":"if","locations":[{"start":{"line":116,"column":2},"end":{"line":116,"column":29}},{"start":{},"end":{}}],"line":116},"12":{"loc":{"start":{"line":135,"column":2},"end":{"line":135,"column":29}},"type":"if","locations":[{"start":{"line":135,"column":2},"end":{"line":135,"column":29}},{"start":{},"end":{}}],"line":135},"13":{"loc":{"start":{"line":171,"column":13},"end":{"line":171,"column":42}},"type":"binary-expr","locations":[{"start":{"line":171,"column":13},"end":{"line":171,"column":21}},{"start":{"line":171,"column":25},"end":{"line":171,"column":42}}],"line":171},"14":{"loc":{"start":{"line":187,"column":2},"end":{"line":187,"column":29}},"type":"if","locations":[{"start":{"line":187,"column":2},"end":{"line":187,"column":29}},{"start":{},"end":{}}],"line":187}},"s":{"0":10,"1":10,"2":10,"3":10,"4":25,"5":25,"6":25,"7":104,"8":59,"9":59,"10":25,"11":6,"12":10,"13":10,"14":10,"15":10,"16":10,"17":37,"18":37,"19":37,"20":135,"21":37,"22":37,"23":17,"24":10,"25":10,"26":10,"27":10,"28":10,"29":39,"30":39,"31":39,"32":60,"33":60,"34":39,"35":10,"36":11,"37":11,"38":2,"39":136,"40":136,"41":136,"42":136,"43":426,"44":37,"45":389,"46":136,"47":281,"48":145,"49":136,"50":136,"51":9,"52":10,"53":33,"54":33,"55":33,"56":33,"57":115,"58":79,"59":79,"60":33,"61":33,"62":76,"63":33,"64":33,"65":33,"66":10,"67":10,"68":11,"69":1,"70":10,"71":10,"72":10,"73":10,"74":51,"75":10,"76":10,"77":271,"78":10,"79":10,"80":10,"81":51,"82":51,"83":10,"84":11,"85":1,"86":10,"87":10,"88":14,"89":14,"90":14,"91":81,"92":14,"93":14,"94":126,"95":14,"96":14,"97":81,"98":81,"99":81,"100":14,"101":10,"102":10,"103":10,"104":14,"105":10,"106":10,"107":10,"108":10,"109":10,"110":5,"111":10,"112":15,"113":15,"114":61,"115":61,"116":61,"117":35,"118":35,"119":61,"120":15,"121":10,"122":11,"123":1,"124":10,"125":10,"126":10,"127":10,"128":48,"129":10,"130":48,"131":48,"132":10,"133":48,"134":8,"135":10,"136":1},"f":{"0":10,"1":10,"2":10,"3":11,"4":136,"5":281,"6":10,"7":33,"8":76,"9":11,"10":51,"11":11,"12":14,"13":81,"14":10,"15":11,"16":48,"17":48,"18":48,"19":8},"b":{"0":[59,45],"1":[6,19],"2":[37,98],"3":[17,20],"4":[99,87],"5":[2,9],"6":[562,541],"7":[37,389],"8":[145,136],"9":[79,36],"10":[33,43],"11":[1,10],"12":[1,10],"13":[96,81],"14":[1,10]},"_coverageSchema":"1a1c01bbd47fc00a2c39e90264f33305004495a9","hash":"b368c459b3f01df5ff5dacb4c168f9fbc1a0efcb"}
}
