TN:
SF:src/divideAndConquer.js
FN:11,binarySearch
FN:26,firstOccurrence
FN:46,lowerBound
FN:64,maxSubarrayDivideConquer
FN:67,crossingSum
FN:82,solve
FN:99,kWayMerge
FN:100,(anonymous_7)
FNF:8
FNH:8
FNDA:13,binarySearch
FNDA:7,firstOccurrence
FNDA:6,lowerBound
FNDA:7,maxSubarrayDivideConquer
FNDA:19,crossingSum
FNDA:44,solve
FNDA:5,kWayMerge
FNDA:22,(anonymous_7)
DA:12,13
DA:13,13
DA:14,31
DA:15,31
DA:16,24
DA:17,15
DA:19,6
DA:27,7
DA:28,7
DA:29,16
DA:30,16
DA:31,6
DA:32,6
DA:33,10
DA:34,9
DA:36,1
DA:39,7
DA:47,6
DA:48,6
DA:49,13
DA:50,13
DA:51,6
DA:52,6
DA:54,7
DA:57,6
DA:65,7
DA:68,19
DA:69,19
DA:70,34
DA:71,34
DA:73,19
DA:74,19
DA:75,19
DA:76,27
DA:77,27
DA:79,19
DA:83,44
DA:84,19
DA:85,19
DA:92,6
DA:100,22
DA:103,1
LF:42
LH:42
BRDA:15,0,0,7
BRDA:15,0,1,24
BRDA:16,1,0,9
BRDA:16,1,1,15
BRDA:30,2,0,6
BRDA:30,2,1,10
BRDA:33,3,0,9
BRDA:33,3,1,1
BRDA:50,4,0,6
BRDA:50,4,1,7
BRDA:65,5,0,1
BRDA:65,5,1,6
BRDA:71,6,0,26
BRDA:71,6,1,8
BRDA:77,7,0,23
BRDA:77,7,1,4
BRDA:83,8,0,25
BRDA:83,8,1,19
BRF:18
BRH:18
end_of_record
TN:
SF:src/dynamicProgramming.js
FN:12,lcs
FN:14,(anonymous_1)
FN:49,knapsack01
FN:51,(anonymous_3)
FN:81,matrixChainMultiplication
FN:85,(anonymous_5)
FN:106,kadane
FN:134,lcsMemo
FN:137,solve
FN:159,knapsack01Memo
FN:162,solve
FNF:11
FNH:11
FNDA:11,lcs
FNDA:55,(anonymous_1)
FNDA:10,knapsack01
FNDA:37,(anonymous_3)
FNDA:6,matrixChainMultiplication
FNDA:8,(anonymous_5)
FNDA:10,kadane
FNDA:4,lcsMemo
FNDA:53,solve
FNDA:3,knapsack01Memo
FNDA:21,solve
DA:13,11
DA:14,55
DA:16,11
DA:17,44
DA:18,231
DA:19,44
DA:21,187
DA:27,11
DA:28,11
DA:29,40
DA:30,26
DA:31,26
DA:32,26
DA:33,14
DA:34,0
DA:36,14
DA:40,11
DA:50,10
DA:51,37
DA:53,10
DA:54,27
DA:55,319
DA:56,319
DA:57,189
DA:63,10
DA:64,10
DA:65,10
DA:66,27
DA:67,13
DA:68,13
DA:72,10
DA:82,6
DA:83,6
DA:85,8
DA:87,3
DA:88,5
DA:89,7
DA:90,7
DA:91,7
DA:92,9
DA:93,9
DA:98,3
DA:107,10
DA:109,9
DA:110,9
DA:112,9
DA:113,33
DA:114,11
DA:115,11
DA:117,22
DA:119,33
DA:120,20
DA:121,20
DA:122,20
DA:126,9
DA:135,4
DA:138,53
DA:139,41
DA:140,41
DA:142,30
DA:143,11
DA:145,19
DA:147,30
DA:148,30
DA:151,4
DA:160,3
DA:163,21
DA:164,10
DA:165,10
DA:166,10
DA:167,10
DA:168,8
DA:170,10
DA:171,10
DA:174,3
DA:177,1
LF:76
LH:75
BRDA:18,0,0,44
BRDA:18,0,1,187
BRDA:28,1,0,51
BRDA:28,1,1,47
BRDA:29,2,0,26
BRDA:29,2,1,14
BRDA:33,3,0,0
BRDA:33,3,1,14
BRDA:56,4,0,189
BRDA:56,4,1,130
BRDA:66,5,0,13
BRDA:66,5,1,14
BRDA:83,6,0,3
BRDA:83,6,1,3
BRDA:93,7,0,9
BRDA:93,7,1,0
BRDA:107,8,0,1
BRDA:107,8,1,9
BRDA:113,9,0,11
BRDA:113,9,1,22
BRDA:119,10,0,20
BRDA:119,10,1,13
BRDA:138,11,0,12
BRDA:138,11,1,41
BRDA:138,12,0,53
BRDA:138,12,1,45
BRDA:140,13,0,11
BRDA:140,13,1,30
BRDA:142,14,0,11
BRDA:142,14,1,19
BRDA:163,15,0,11
BRDA:163,15,1,10
BRDA:163,16,0,21
BRDA:163,16,1,12
BRDA:165,17,0,0
BRDA:165,17,1,10
BRDA:167,18,0,8
BRDA:167,18,1,2
BRF:38
BRH:35
end_of_record
TN:
SF:src/graph.js
FN:12,buildAdjList
FN:13,(anonymous_1)
FN:14,(anonymous_2)
FN:25,bfs
FN:48,dfs
FN:70,dfsRecursive
FN:74,visit
FN:92,dijkstra
FN:98,(anonymous_8)
FN:134,reconstructPath
FN:150,(anonymous_10)
FN:153,(anonymous_11)
FN:159,(anonymous_12)
FN:166,(anonymous_13)
FN:180,(anonymous_14)
FN:185,(anonymous_15)
FN:186,(anonymous_16)
FNF:17
FNH:17
FNDA:10,buildAdjList
FNDA:34,(anonymous_1)
FNDA:27,(anonymous_2)
FNDA:6,bfs
FNDA:6,dfs
FNDA:3,dfsRecursive
FNDA:18,visit
FNDA:10,dijkstra
FNDA:41,(anonymous_8)
FNDA:3,reconstructPath
FNDA:10,(anonymous_10)
FNDA:50,(anonymous_11)
FNDA:186,(anonymous_12)
FNDA:35,(anonymous_13)
FNDA:6,(anonymous_14)
FNDA:6,(anonymous_15)
FNDA:39,(anonymous_16)
DA:13,34
DA:14,10
DA:15,27
DA:16,27
DA:18,10
DA:26,6
DA:27,6
DA:28,6
DA:30,6
DA:31,27
DA:32,27
DA:33,27
DA:34,58
DA:35,21
DA:36,21
DA:41,6
DA:49,6
DA:50,6
DA:51,6
DA:53,6
DA:54,35
DA:55,35
DA:56,27
DA:57,27
DA:58,27
DA:59,27
DA:60,58
DA:64,6
DA:71,3
DA:72,3
DA:75,18
DA:76,18
DA:77,18
DA:78,42
DA:82,3
DA:83,3
DA:93,10
DA:94,10
DA:95,10
DA:96,10
DA:98,10
DA:99,41
DA:100,41
DA:103,10
DA:105,41
DA:106,41
DA:107,115
DA:109,41
DA:111,39
DA:113,39
DA:114,282
DA:115,282
DA:116,232
DA:117,282
DA:119,57
DA:120,57
DA:121,50
DA:122,50
DA:127,10
DA:135,3
DA:136,3
DA:137,3
DA:138,7
DA:139,7
DA:140,5
DA:142,1
DA:151,10
DA:152,10
DA:153,10
DA:154,50
DA:155,50
DA:160,186
DA:161,62
DA:163,186
DA:167,35
DA:168,35
DA:169,35
DA:170,34
DA:171,1
DA:172,1
DA:174,33
DA:175,33
DA:177,34
DA:181,6
DA:186,39
DA:190,1
LF:86
LH:86
BRDA:12,0,0,9
BRDA:16,1,0,26
BRDA:16,1,1,1
BRDA:33,2,0,27
BRDA:33,2,1,0
BRDA:34,3,0,21
BRDA:34,3,1,37
BRDA:55,4,0,8
BRDA:55,4,1,27
BRDA:58,5,0,27
BRDA:58,5,1,0
BRDA:60,6,0,29
BRDA:60,6,1,29
BRDA:77,7,0,18
BRDA:77,7,1,0
BRDA:78,8,0,15
BRDA:78,8,1,27
BRDA:99,9,0,10
BRDA:99,9,1,31
BRDA:107,10,0,48
BRDA:107,10,1,67
BRDA:107,11,0,115
BRDA:107,11,1,74
BRDA:109,12,0,2
BRDA:109,12,1,39
BRDA:109,13,0,41
BRDA:109,13,1,41
BRDA:115,14,0,50
BRDA:115,14,1,232
BRDA:115,15,0,282
BRDA:115,15,1,57
BRDA:116,16,0,7
BRDA:116,16,1,225
BRDA:116,17,0,232
BRDA:116,17,1,57
BRDA:117,18,0,225
BRDA:117,18,1,57
BRDA:120,19,0,50
BRDA:120,19,1,7
BRDA:139,20,0,2
BRDA:139,20,1,5
BRDA:160,21,0,62
BRDA:160,21,1,124
BRDA:169,22,0,1
BRDA:169,22,1,34
BRDA:170,23,0,1
BRDA:170,23,1,33
BRF:47
BRH:44
end_of_record
TN:
SF:src/greedy.js
FN:14,fractionalKnapsack
FN:15,(anonymous_1)
FN:18,(anonymous_2)
FN:19,(anonymous_3)
FN:42,optimalMergePattern
FN:45,(anonymous_5)
FN:47,heapPush
FN:49,(anonymous_7)
FN:52,heapPop
FNF:9
FNH:9
FNDA:9,fractionalKnapsack
FNDA:1,(anonymous_1)
FNDA:16,(anonymous_2)
FNDA:11,(anonymous_3)
FNDA:7,optimalMergePattern
FNDA:16,(anonymous_5)
FNDA:13,heapPush
FNDA:17,(anonymous_7)
FNDA:26,heapPop
DA:15,9
DA:18,16
DA:19,11
DA:21,7
DA:22,7
DA:23,7
DA:25,7
DA:26,15
DA:27,13
DA:28,13
DA:29,13
DA:30,13
DA:33,7
DA:43,7
DA:45,16
DA:48,13
DA:49,17
DA:53,26
DA:56,5
DA:57,5
DA:58,13
DA:59,13
DA:60,13
DA:61,13
DA:62,13
DA:65,5
DA:68,1
LF:27
LH:27
BRDA:15,0,0,2
BRDA:15,0,1,7
BRDA:15,1,0,9
BRDA:15,1,1,8
BRDA:26,2,0,2
BRDA:26,2,1,13
BRDA:43,3,0,2
BRDA:43,3,1,5
BRF:8
BRH:8
end_of_record
TN:
SF:src/hashing.js
FN:12,hashMod
FN:25,(anonymous_1)
FN:27,(anonymous_2)
FN:30,(anonymous_3)
FN:34,(anonymous_4)
FN:39,(anonymous_5)
FN:44,(anonymous_6)
FN:53,(anonymous_7)
FN:69,(anonymous_8)
FN:74,(anonymous_9)
FN:78,(anonymous_10)
FN:91,(anonymous_11)
FN:101,(anonymous_12)
FN:114,(anonymous_13)
FN:129,(anonymous_14)
FN:134,(anonymous_15)
FN:138,(anonymous_16)
FN:151,(anonymous_17)
FN:161,(anonymous_18)
FN:186,(anonymous_19)
FN:191,(anonymous_20)
FN:195,(anonymous_21)
FN:199,(anonymous_22)
FN:213,(anonymous_23)
FN:224,(anonymous_24)
FNF:25
FNH:25
FNDA:248,hashMod
FNDA:10,(anonymous_1)
FNDA:70,(anonymous_2)
FNDA:30,(anonymous_3)
FNDA:15,(anonymous_4)
FNDA:12,(anonymous_5)
FNDA:3,(anonymous_6)
FNDA:5,(anonymous_7)
FNDA:14,(anonymous_8)
FNDA:65,(anonymous_9)
FNDA:40,(anonymous_10)
FNDA:20,(anonymous_11)
FNDA:5,(anonymous_12)
FNDA:2,(anonymous_13)
FNDA:10,(anonymous_14)
FNDA:49,(anonymous_15)
FNDA:32,(anonymous_16)
FNDA:14,(anonymous_17)
FNDA:3,(anonymous_18)
FNDA:11,(anonymous_19)
FNDA:51,(anonymous_20)
FNDA:71,(anonymous_21)
FNDA:32,(anonymous_22)
FNDA:16,(anonymous_23)
FNDA:3,(anonymous_24)
DA:13,248
DA:26,10
DA:27,70
DA:31,30
DA:35,15
DA:36,15
DA:40,12
DA:41,12
DA:45,3
DA:46,3
DA:47,3
DA:48,3
DA:49,1
DA:54,5
DA:62,1
DA:70,14
DA:71,14
DA:75,65
DA:79,40
DA:80,40
DA:81,62
DA:82,62
DA:83,39
DA:84,39
DA:86,23
DA:88,1
DA:92,20
DA:93,20
DA:94,43
DA:95,43
DA:96,41
DA:98,1
DA:102,5
DA:103,5
DA:104,11
DA:105,11
DA:106,10
DA:107,3
DA:108,3
DA:111,1
DA:115,2
DA:116,2
DA:130,10
DA:131,10
DA:135,49
DA:139,32
DA:140,32
DA:141,45
DA:142,45
DA:143,31
DA:144,31
DA:146,14
DA:148,1
DA:152,14
DA:153,14
DA:154,28
DA:155,28
DA:156,26
DA:158,1
DA:162,3
DA:163,3
DA:164,9
DA:165,9
DA:166,8
DA:167,1
DA:168,1
DA:171,1
DA:187,11
DA:188,11
DA:192,51
DA:196,71
DA:200,32
DA:201,32
DA:202,32
DA:203,43
DA:204,43
DA:205,31
DA:206,31
DA:208,12
DA:210,1
DA:214,16
DA:215,16
DA:216,16
DA:217,29
DA:218,29
DA:219,27
DA:221,1
DA:225,3
DA:226,3
DA:227,3
DA:228,9
DA:229,9
DA:230,8
DA:231,1
DA:232,1
DA:235,1
DA:239,1
LF:97
LH:97
BRDA:25,0,0,0
BRDA:36,1,0,14
BRDA:36,1,1,1
BRDA:48,2,0,2
BRDA:48,2,1,1
BRDA:69,3,0,0
BRDA:82,4,0,39
BRDA:82,4,1,23
BRDA:82,5,0,62
BRDA:82,5,1,23
BRDA:86,6,0,0
BRDA:86,6,1,23
BRDA:95,7,0,2
BRDA:95,7,1,41
BRDA:96,8,0,17
BRDA:96,8,1,24
BRDA:105,9,0,1
BRDA:105,9,1,10
BRDA:106,10,0,3
BRDA:106,10,1,7
BRDA:116,11,0,1
BRDA:116,11,1,1
BRDA:116,12,0,1
BRDA:116,12,1,0
BRDA:129,13,0,0
BRDA:142,14,0,31
BRDA:142,14,1,14
BRDA:142,15,0,45
BRDA:142,15,1,14
BRDA:146,16,0,0
BRDA:146,16,1,14
BRDA:155,17,0,2
BRDA:155,17,1,26
BRDA:156,18,0,11
BRDA:156,18,1,15
BRDA:165,19,0,1
BRDA:165,19,1,8
BRDA:166,20,0,1
BRDA:166,20,1,7
BRDA:186,21,0,0
BRDA:204,22,0,31
BRDA:204,22,1,12
BRDA:204,23,0,43
BRDA:204,23,1,12
BRDA:208,24,0,0
BRDA:208,24,1,12
BRDA:218,25,0,2
BRDA:218,25,1,27
BRDA:219,26,0,13
BRDA:219,26,1,14
BRDA:229,27,0,1
BRDA:229,27,1,8
BRDA:230,28,0,1
BRDA:230,28,1,7
BRF:54
BRH:46
end_of_record
TN:
SF:src/sorting.js
FN:9,bubbleSort
FN:26,selectionSort
FN:40,insertionSort
FN:56,mergeSort
FN:60,merge
FN:70,sort
FN:83,quickSort
FN:86,partition
FN:99,sort
FN:115,countingSort
FN:120,(anonymous_10)
FN:134,radixSort
FN:139,countingSortByDigit
FN:142,(anonymous_13)
FN:162,shellSort
FN:186,bucketSort
FN:191,(anonymous_16)
FN:193,(anonymous_17)
FN:198,(anonymous_18)
FN:198,(anonymous_19)
FNF:20
FNH:20
FNDA:10,bubbleSort
FNDA:10,selectionSort
FNDA:10,insertionSort
FNDA:11,mergeSort
FNDA:136,merge
FNDA:281,sort
FNDA:10,quickSort
FNDA:33,partition
FNDA:76,sort
FNDA:11,countingSort
FNDA:51,(anonymous_10)
FNDA:11,radixSort
FNDA:14,countingSortByDigit
FNDA:81,(anonymous_13)
FNDA:10,shellSort
FNDA:11,bucketSort
FNDA:48,(anonymous_16)
FNDA:48,(anonymous_17)
FNDA:48,(anonymous_18)
FNDA:8,(anonymous_19)
DA:10,10
DA:11,10
DA:12,10
DA:13,25
DA:14,25
DA:15,104
DA:16,59
DA:17,59
DA:20,25
DA:22,10
DA:27,10
DA:28,10
DA:29,10
DA:30,37
DA:31,37
DA:32,135
DA:34,37
DA:36,10
DA:41,10
DA:42,10
DA:43,10
DA:44,39
DA:45,39
DA:46,39
DA:47,60
DA:48,60
DA:50,39
DA:52,10
DA:57,11
DA:58,11
DA:61,136
DA:62,136
DA:63,136
DA:64,426
DA:65,389
DA:67,136
DA:71,281
DA:72,136
DA:73,136
DA:76,9
DA:84,10
DA:87,33
DA:88,33
DA:89,33
DA:90,115
DA:91,79
DA:92,79
DA:95,33
DA:96,33
DA:100,76
DA:101,33
DA:102,33
DA:103,33
DA:107,10
DA:108,10
DA:116,11
DA:117,10
DA:118,10
DA:119,10
DA:120,51
DA:121,271
DA:122,10
DA:123,10
DA:124,51
DA:125,51
DA:127,10
DA:135,11
DA:136,10
DA:137,10
DA:140,14
DA:141,14
DA:142,81
DA:143,126
DA:144,14
DA:145,81
DA:146,81
DA:147,81
DA:149,14
DA:152,10
DA:153,10
DA:154,14
DA:156,10
DA:163,10
DA:164,10
DA:165,10
DA:166,10
DA:167,10
DA:168,15
DA:169,61
DA:170,61
DA:171,61
DA:172,35
DA:173,35
DA:175,61
DA:177,15
DA:179,10
DA:187,11
DA:188,10
DA:189,10
DA:190,10
DA:191,48
DA:193,10
DA:194,48
DA:195,48
DA:198,48
DA:199,10
DA:202,1
LF:107
LH:107
BRDA:15,0,0,59
BRDA:15,0,1,45
BRDA:20,1,0,6
BRDA:20,1,1,19
BRDA:32,2,0,37
BRDA:32,2,1,98
BRDA:34,3,0,17
BRDA:34,3,1,20
BRDA:46,4,0,99
BRDA:46,4,1,87
BRDA:58,5,0,2
BRDA:58,5,1,9
BRDA:63,6,0,562
BRDA:63,6,1,541
BRDA:64,7,0,37
BRDA:64,7,1,389
BRDA:71,8,0,145
BRDA:71,8,1,136
BRDA:90,9,0,79
BRDA:90,9,1,36
BRDA:100,10,0,33
BRDA:100,10,1,43
BRDA:116,11,0,1
BRDA:116,11,1,10
BRDA:135,12,0,1
BRDA:135,12,1,10
BRDA:171,13,0,96
BRDA:171,13,1,81
BRDA:187,14,0,1
BRDA:187,14,1,10
BRF:30
BRH:30
end_of_record
